Epoch: 1
[ 2000/ 8544 ( 23%)]  Loss: 1.4612  Acc: 666.0/ 2000
[ 4000/ 8544 ( 47%)]  Loss: 1.3140  Acc: 802.0/ 2000
[ 6000/ 8544 ( 70%)]  Loss: 1.2987  Acc: 860.0/ 2000
[ 8000/ 8544 ( 94%)]  Loss: 1.5323  Acc: 925.0/ 2000

Average test loss: 1.5514  Accuracy:  720/ 2210 (32.58%)

Epoch: 2
[ 2000/ 8544 ( 23%)]  Loss: 1.3074  Acc: 960.0/ 2000
[ 4000/ 8544 ( 47%)]  Loss: 1.0774  Acc: 1031.0/ 2000
[ 6000/ 8544 ( 70%)]  Loss: 1.0642  Acc: 1128.0/ 2000
[ 8000/ 8544 ( 94%)]  Loss: 1.1558  Acc: 1220.0/ 2000

Average test loss: 1.8387  Accuracy:  675/ 2210 (30.54%)

Epoch: 3
[ 2000/ 8544 ( 23%)]  Loss: 0.8278  Acc: 1244.0/ 2000
[ 4000/ 8544 ( 47%)]  Loss: 0.8127  Acc: 1355.0/ 2000
[ 6000/ 8544 ( 70%)]  Loss: 0.6179  Acc: 1400.0/ 2000
[ 8000/ 8544 ( 94%)]  Loss: 0.9257  Acc: 1360.0/ 2000

Average test loss: 1.8338  Accuracy:  945/ 2210 (42.76%)

Epoch: 4
[ 2000/ 8544 ( 23%)]  Loss: 0.5254  Acc: 1498.0/ 2000
[ 4000/ 8544 ( 47%)]  Loss: 0.6880  Acc: 1519.0/ 2000
[ 6000/ 8544 ( 70%)]  Loss: 0.3795  Acc: 1587.0/ 2000
[ 8000/ 8544 ( 94%)]  Loss: 0.6315  Acc: 1659.0/ 2000

Average test loss: 2.1341  Accuracy:  720/ 2210 (32.58%)

Epoch: 5
[ 2000/ 8544 ( 23%)]  Loss: 0.4972  Acc: 1638.0/ 2000
[ 4000/ 8544 ( 47%)]  Loss: 0.4437  Acc: 1672.0/ 2000
[ 6000/ 8544 ( 70%)]  Loss: 0.4580  Acc: 1709.0/ 2000
[ 8000/ 8544 ( 94%)]  Loss: 0.4007  Acc: 1697.0/ 2000

Average test loss: 2.2106  Accuracy:  630/ 2210 (28.51%)

Epoch: 6
[ 2000/ 8544 ( 23%)]  Loss: 0.1892  Acc: 1776.0/ 2000
[ 4000/ 8544 ( 47%)]  Loss: 0.4109  Acc: 1773.0/ 2000
[ 6000/ 8544 ( 70%)]  Loss: 0.2580  Acc: 1816.0/ 2000
[ 8000/ 8544 ( 94%)]  Loss: 0.1706  Acc: 1836.0/ 2000

Average test loss: 2.8508  Accuracy:  675/ 2210 (30.54%)

Epoch: 7
[ 2000/ 8544 ( 23%)]  Loss: 0.2140  Acc: 1814.0/ 2000
[ 4000/ 8544 ( 47%)]  Loss: 0.3172  Acc: 1858.0/ 2000
[ 6000/ 8544 ( 70%)]  Loss: 0.1845  Acc: 1841.0/ 2000
[ 8000/ 8544 ( 94%)]  Loss: 0.2833  Acc: 1890.0/ 2000

Average test loss: 2.5324  Accuracy:  855/ 2210 (38.69%)

Epoch: 8
[ 2000/ 8544 ( 23%)]  Loss: 0.1579  Acc: 1884.0/ 2000
[ 4000/ 8544 ( 47%)]  Loss: 0.1218  Acc: 1903.0/ 2000
[ 6000/ 8544 ( 70%)]  Loss: 0.0871  Acc: 1914.0/ 2000
[ 8000/ 8544 ( 94%)]  Loss: 0.2297  Acc: 1900.0/ 2000

Average test loss: 2.5565  Accuracy: 1035/ 2210 (46.83%)

Epoch: 9
[ 2000/ 8544 ( 23%)]  Loss: 0.2595  Acc: 1915.0/ 2000
[ 4000/ 8544 ( 47%)]  Loss: 0.1606  Acc: 1937.0/ 2000
[ 6000/ 8544 ( 70%)]  Loss: 0.0645  Acc: 1954.0/ 2000
[ 8000/ 8544 ( 94%)]  Loss: 0.0540  Acc: 1948.0/ 2000

Average test loss: 2.9717  Accuracy:  990/ 2210 (44.80%)

Epoch: 10
[ 2000/ 8544 ( 23%)]  Loss: 0.0995  Acc: 1936.0/ 2000
[ 4000/ 8544 ( 47%)]  Loss: 0.1561  Acc: 1920.0/ 2000
[ 6000/ 8544 ( 70%)]  Loss: 0.1856  Acc: 1927.0/ 2000
[ 8000/ 8544 ( 94%)]  Loss: 0.0845  Acc: 1931.0/ 2000

Average test loss: 3.4292  Accuracy:  855/ 2210 (38.69%)

Epoch: 11
[ 2000/ 8544 ( 23%)]  Loss: 0.0337  Acc: 1952.0/ 2000
[ 4000/ 8544 ( 47%)]  Loss: 0.1815  Acc: 1939.0/ 2000
[ 6000/ 8544 ( 70%)]  Loss: 0.0852  Acc: 1939.0/ 2000
[ 8000/ 8544 ( 94%)]  Loss: 0.0091  Acc: 1961.0/ 2000

Average test loss: 3.5295  Accuracy:  765/ 2210 (34.62%)

Epoch: 12
[ 2000/ 8544 ( 23%)]  Loss: 0.0669  Acc: 1952.0/ 2000
[ 4000/ 8544 ( 47%)]  Loss: 0.0717  Acc: 1947.0/ 2000
[ 6000/ 8544 ( 70%)]  Loss: 0.0419  Acc: 1963.0/ 2000
[ 8000/ 8544 ( 94%)]  Loss: 0.1535  Acc: 1947.0/ 2000

Average test loss: 3.4449  Accuracy: 1080/ 2210 (48.87%)

Epoch: 13
[ 2000/ 8544 ( 23%)]  Loss: 0.0174  Acc: 1926.0/ 2000
[ 4000/ 8544 ( 47%)]  Loss: 0.0668  Acc: 1938.0/ 2000
[ 6000/ 8544 ( 70%)]  Loss: 0.1388  Acc: 1953.0/ 2000
[ 8000/ 8544 ( 94%)]  Loss: 0.0120  Acc: 1969.0/ 2000

Average test loss: 3.1453  Accuracy:  990/ 2210 (44.80%)

Epoch: 14
[ 2000/ 8544 ( 23%)]  Loss: 0.0294  Acc: 1964.0/ 2000
[ 4000/ 8544 ( 47%)]  Loss: 0.0079  Acc: 1973.0/ 2000
[ 6000/ 8544 ( 70%)]  Loss: 0.0824  Acc: 1973.0/ 2000
[ 8000/ 8544 ( 94%)]  Loss: 0.0315  Acc: 1976.0/ 2000

Average test loss: 3.3808  Accuracy:  990/ 2210 (44.80%)

Epoch: 15
[ 2000/ 8544 ( 23%)]  Loss: 0.0176  Acc: 1979.0/ 2000
[ 4000/ 8544 ( 47%)]  Loss: 0.0865  Acc: 1967.0/ 2000
[ 6000/ 8544 ( 70%)]  Loss: 0.1126  Acc: 1970.0/ 2000
[ 8000/ 8544 ( 94%)]  Loss: 0.0082  Acc: 1951.0/ 2000

Average test loss: 3.9864  Accuracy:  720/ 2210 (32.58%)

Epoch: 16
[ 2000/ 8544 ( 23%)]  Loss: 0.0605  Acc: 1960.0/ 2000
[ 4000/ 8544 ( 47%)]  Loss: 0.0581  Acc: 1952.0/ 2000
[ 6000/ 8544 ( 70%)]  Loss: 0.0338  Acc: 1962.0/ 2000
[ 8000/ 8544 ( 94%)]  Loss: 0.2725  Acc: 1941.0/ 2000

Average test loss: 4.0800  Accuracy: 1035/ 2210 (46.83%)

Epoch: 17
[ 2000/ 8544 ( 23%)]  Loss: 0.0350  Acc: 1968.0/ 2000
[ 4000/ 8544 ( 47%)]  Loss: 0.0323  Acc: 1968.0/ 2000
[ 6000/ 8544 ( 70%)]  Loss: 0.0210  Acc: 1986.0/ 2000
[ 8000/ 8544 ( 94%)]  Loss: 0.0331  Acc: 1993.0/ 2000

Average test loss: 3.9446  Accuracy:  990/ 2210 (44.80%)

Epoch: 18
[ 2000/ 8544 ( 23%)]  Loss: 0.0039  Acc: 1984.0/ 2000
[ 4000/ 8544 ( 47%)]  Loss: 0.0056  Acc: 1983.0/ 2000
[ 6000/ 8544 ( 70%)]  Loss: 0.0049  Acc: 1976.0/ 2000
[ 8000/ 8544 ( 94%)]  Loss: 0.0156  Acc: 1967.0/ 2000

Average test loss: 3.8220  Accuracy:  945/ 2210 (42.76%)

Epoch: 19
[ 2000/ 8544 ( 23%)]  Loss: 0.0190  Acc: 1983.0/ 2000
[ 4000/ 8544 ( 47%)]  Loss: 0.0770  Acc: 1967.0/ 2000
[ 6000/ 8544 ( 70%)]  Loss: 0.0919  Acc: 1974.0/ 2000
[ 8000/ 8544 ( 94%)]  Loss: 0.0052  Acc: 1984.0/ 2000

Average test loss: 3.7860  Accuracy:  945/ 2210 (42.76%)

Epoch: 20
[ 2000/ 8544 ( 23%)]  Loss: 0.0478  Acc: 1986.0/ 2000
[ 4000/ 8544 ( 47%)]  Loss: 0.0025  Acc: 1993.0/ 2000
[ 6000/ 8544 ( 70%)]  Loss: 0.0049  Acc: 1994.0/ 2000
[ 8000/ 8544 ( 94%)]  Loss: 0.0024  Acc: 1995.0/ 2000

Average test loss: 4.5541  Accuracy:  945/ 2210 (42.76%)

Epoch: 21
[ 2000/ 8544 ( 23%)]  Loss: 0.0411  Acc: 1989.0/ 2000
[ 4000/ 8544 ( 47%)]  Loss: 0.0046  Acc: 1988.0/ 2000
[ 6000/ 8544 ( 70%)]  Loss: 0.0106  Acc: 1991.0/ 2000
[ 8000/ 8544 ( 94%)]  Loss: 0.1133  Acc: 1979.0/ 2000

Average test loss: 3.2167  Accuracy: 1125/ 2210 (50.90%)

Epoch: 22
[ 2000/ 8544 ( 23%)]  Loss: 0.0113  Acc: 1987.0/ 2000
[ 4000/ 8544 ( 47%)]  Loss: 0.0037  Acc: 1942.0/ 2000
[ 6000/ 8544 ( 70%)]  Loss: 0.0288  Acc: 1930.0/ 2000
[ 8000/ 8544 ( 94%)]  Loss: 0.0254  Acc: 1940.0/ 2000

Average test loss: 3.3923  Accuracy: 1125/ 2210 (50.90%)

Epoch: 23
[ 2000/ 8544 ( 23%)]  Loss: 0.0579  Acc: 1969.0/ 2000
[ 4000/ 8544 ( 47%)]  Loss: 0.0037  Acc: 1976.0/ 2000
[ 6000/ 8544 ( 70%)]  Loss: 0.0050  Acc: 1981.0/ 2000
[ 8000/ 8544 ( 94%)]  Loss: 0.0164  Acc: 1987.0/ 2000

Average test loss: 3.9321  Accuracy: 1035/ 2210 (46.83%)

Epoch: 24
[ 2000/ 8544 ( 23%)]  Loss: 0.0032  Acc: 1979.0/ 2000
[ 4000/ 8544 ( 47%)]  Loss: 0.0054  Acc: 1983.0/ 2000
[ 6000/ 8544 ( 70%)]  Loss: 0.0134  Acc: 1987.0/ 2000
[ 8000/ 8544 ( 94%)]  Loss: 0.0437  Acc: 1983.0/ 2000

Average test loss: 4.0330  Accuracy: 1080/ 2210 (48.87%)

Epoch: 25
[ 2000/ 8544 ( 23%)]  Loss: 0.0138  Acc: 1952.0/ 2000
[ 4000/ 8544 ( 47%)]  Loss: 0.0442  Acc: 1976.0/ 2000
[ 6000/ 8544 ( 70%)]  Loss: 0.0047  Acc: 1973.0/ 2000
[ 8000/ 8544 ( 94%)]  Loss: 0.0522  Acc: 1979.0/ 2000

Average test loss: 4.1970  Accuracy: 1035/ 2210 (46.83%)

Epoch: 26
[ 2000/ 8544 ( 23%)]  Loss: 0.0530  Acc: 1977.0/ 2000
[ 4000/ 8544 ( 47%)]  Loss: 0.0102  Acc: 1974.0/ 2000
[ 6000/ 8544 ( 70%)]  Loss: 0.0069  Acc: 1980.0/ 2000
[ 8000/ 8544 ( 94%)]  Loss: 0.0026  Acc: 1980.0/ 2000

Average test loss: 3.4895  Accuracy: 1035/ 2210 (46.83%)

Epoch: 27
[ 2000/ 8544 ( 23%)]  Loss: 0.1069  Acc: 1990.0/ 2000
[ 4000/ 8544 ( 47%)]  Loss: 0.0131  Acc: 1987.0/ 2000
[ 6000/ 8544 ( 70%)]  Loss: 0.0011  Acc: 1991.0/ 2000
[ 8000/ 8544 ( 94%)]  Loss: 0.0185  Acc: 1987.0/ 2000

Average test loss: 3.2821  Accuracy: 1125/ 2210 (50.90%)

Epoch: 28
[ 2000/ 8544 ( 23%)]  Loss: 0.0261  Acc: 1955.0/ 2000
[ 4000/ 8544 ( 47%)]  Loss: 0.0296  Acc: 1962.0/ 2000
[ 6000/ 8544 ( 70%)]  Loss: 0.0459  Acc: 1977.0/ 2000
[ 8000/ 8544 ( 94%)]  Loss: 0.1986  Acc: 1967.0/ 2000

Average test loss: 3.9144  Accuracy:  945/ 2210 (42.76%)

Epoch: 29
[ 2000/ 8544 ( 23%)]  Loss: 0.0169  Acc: 1969.0/ 2000
[ 4000/ 8544 ( 47%)]  Loss: 0.0012  Acc: 1980.0/ 2000
[ 6000/ 8544 ( 70%)]  Loss: 0.0023  Acc: 1983.0/ 2000
[ 8000/ 8544 ( 94%)]  Loss: 0.0080  Acc: 1958.0/ 2000

Average test loss: 4.1324  Accuracy:  990/ 2210 (44.80%)

Epoch: 30
[ 2000/ 8544 ( 23%)]  Loss: 0.0019  Acc: 1977.0/ 2000
[ 4000/ 8544 ( 47%)]  Loss: 0.1253  Acc: 1924.0/ 2000
[ 6000/ 8544 ( 70%)]  Loss: 0.0095  Acc: 1951.0/ 2000
[ 8000/ 8544 ( 94%)]  Loss: 0.0350  Acc: 1975.0/ 2000

Average test loss: 3.9220  Accuracy:  990/ 2210 (44.80%)

Epoch: 31
[ 2000/ 8544 ( 23%)]  Loss: 0.0486  Acc: 1976.0/ 2000
[ 4000/ 8544 ( 47%)]  Loss: 0.0178  Acc: 1980.0/ 2000
[ 6000/ 8544 ( 70%)]  Loss: 0.0167  Acc: 1985.0/ 2000
[ 8000/ 8544 ( 94%)]  Loss: 0.0248  Acc: 1993.0/ 2000

Average test loss: 3.7793  Accuracy: 1080/ 2210 (48.87%)

Epoch: 32
[ 2000/ 8544 ( 23%)]  Loss: 0.0008  Acc: 1992.0/ 2000
[ 4000/ 8544 ( 47%)]  Loss: 0.0099  Acc: 1988.0/ 2000
[ 6000/ 8544 ( 70%)]  Loss: 0.0280  Acc: 1993.0/ 2000
[ 8000/ 8544 ( 94%)]  Loss: 0.0014  Acc: 1993.0/ 2000

Average test loss: 4.1914  Accuracy: 1125/ 2210 (50.90%)

Epoch: 33
[ 2000/ 8544 ( 23%)]  Loss: 0.0022  Acc: 1993.0/ 2000
[ 4000/ 8544 ( 47%)]  Loss: 0.0008  Acc: 1991.0/ 2000
[ 6000/ 8544 ( 70%)]  Loss: 0.0341  Acc: 1973.0/ 2000
[ 8000/ 8544 ( 94%)]  Loss: 0.0401  Acc: 1954.0/ 2000

Average test loss: 3.5912  Accuracy: 1035/ 2210 (46.83%)

Epoch: 34
[ 2000/ 8544 ( 23%)]  Loss: 0.1046  Acc: 1960.0/ 2000
[ 4000/ 8544 ( 47%)]  Loss: 0.0553  Acc: 1962.0/ 2000
[ 6000/ 8544 ( 70%)]  Loss: 0.0130  Acc: 1979.0/ 2000
[ 8000/ 8544 ( 94%)]  Loss: 0.0081  Acc: 1988.0/ 2000

Average test loss: 3.1693  Accuracy:  990/ 2210 (44.80%)

Epoch: 35
[ 2000/ 8544 ( 23%)]  Loss: 0.0047  Acc: 1989.0/ 2000
[ 4000/ 8544 ( 47%)]  Loss: 0.0013  Acc: 1987.0/ 2000
[ 6000/ 8544 ( 70%)]  Loss: 0.0568  Acc: 1995.0/ 2000
[ 8000/ 8544 ( 94%)]  Loss: 0.0012  Acc: 1991.0/ 2000

Average test loss: 3.6614  Accuracy: 1125/ 2210 (50.90%)

Epoch: 36
[ 2000/ 8544 ( 23%)]  Loss: 0.0852  Acc: 1996.0/ 2000
[ 4000/ 8544 ( 47%)]  Loss: 0.0144  Acc: 1994.0/ 2000
[ 6000/ 8544 ( 70%)]  Loss: 0.0117  Acc: 1984.0/ 2000
[ 8000/ 8544 ( 94%)]  Loss: 0.0014  Acc: 1985.0/ 2000

Average test loss: 4.0717  Accuracy: 1170/ 2210 (52.94%)

Epoch: 37
[ 2000/ 8544 ( 23%)]  Loss: 0.0170  Acc: 1982.0/ 2000
[ 4000/ 8544 ( 47%)]  Loss: 0.0001  Acc: 1988.0/ 2000
[ 6000/ 8544 ( 70%)]  Loss: 0.0006  Acc: 1992.0/ 2000
[ 8000/ 8544 ( 94%)]  Loss: 0.0012  Acc: 1997.0/ 2000

Average test loss: 3.5725  Accuracy: 1080/ 2210 (48.87%)

Epoch: 38
[ 2000/ 8544 ( 23%)]  Loss: 0.0016  Acc: 1980.0/ 2000
[ 4000/ 8544 ( 47%)]  Loss: 0.2559  Acc: 1943.0/ 2000
[ 6000/ 8544 ( 70%)]  Loss: 0.0127  Acc: 1968.0/ 2000
[ 8000/ 8544 ( 94%)]  Loss: 0.0144  Acc: 1985.0/ 2000

Average test loss: 3.4310  Accuracy:  990/ 2210 (44.80%)

Epoch: 39
[ 2000/ 8544 ( 23%)]  Loss: 0.0035  Acc: 1979.0/ 2000
[ 4000/ 8544 ( 47%)]  Loss: 0.0654  Acc: 1993.0/ 2000
[ 6000/ 8544 ( 70%)]  Loss: 0.0230  Acc: 1996.0/ 2000
[ 8000/ 8544 ( 94%)]  Loss: 0.0016  Acc: 1994.0/ 2000

Average test loss: 3.2953  Accuracy: 1170/ 2210 (52.94%)

Epoch: 40
[ 2000/ 8544 ( 23%)]  Loss: 0.0401  Acc: 1994.0/ 2000
[ 4000/ 8544 ( 47%)]  Loss: 0.0028  Acc: 2000.0/ 2000
[ 6000/ 8544 ( 70%)]  Loss: 0.0031  Acc: 1996.0/ 2000
[ 8000/ 8544 ( 94%)]  Loss: 0.0017  Acc: 1995.0/ 2000

Average test loss: 3.6058  Accuracy: 1080/ 2210 (48.87%)

Epoch: 41
[ 2000/ 8544 ( 23%)]  Loss: 0.0010  Acc: 2000.0/ 2000
[ 4000/ 8544 ( 47%)]  Loss: 0.0001  Acc: 1990.0/ 2000
[ 6000/ 8544 ( 70%)]  Loss: 0.0035  Acc: 1996.0/ 2000
[ 8000/ 8544 ( 94%)]  Loss: 0.0002  Acc: 1998.0/ 2000

Average test loss: 3.4307  Accuracy:  855/ 2210 (38.69%)

Epoch: 42
[ 2000/ 8544 ( 23%)]  Loss: 0.0009  Acc: 2000.0/ 2000
[ 4000/ 8544 ( 47%)]  Loss: 0.0141  Acc: 1998.0/ 2000
[ 6000/ 8544 ( 70%)]  Loss: 0.0010  Acc: 1999.0/ 2000
[ 8000/ 8544 ( 94%)]  Loss: 0.0024  Acc: 1999.0/ 2000

Average test loss: 3.1465  Accuracy:  990/ 2210 (44.80%)

Epoch: 43
[ 2000/ 8544 ( 23%)]  Loss: 0.0002  Acc: 2000.0/ 2000
[ 4000/ 8544 ( 47%)]  Loss: 0.0002  Acc: 2000.0/ 2000
[ 6000/ 8544 ( 70%)]  Loss: 0.0007  Acc: 1998.0/ 2000
[ 8000/ 8544 ( 94%)]  Loss: 0.0001  Acc: 2000.0/ 2000

Average test loss: 3.4444  Accuracy: 1080/ 2210 (48.87%)

Epoch: 44
[ 2000/ 8544 ( 23%)]  Loss: 0.0001  Acc: 2000.0/ 2000
[ 4000/ 8544 ( 47%)]  Loss: 0.0017  Acc: 1999.0/ 2000
[ 6000/ 8544 ( 70%)]  Loss: 0.0013  Acc: 2000.0/ 2000
[ 8000/ 8544 ( 94%)]  Loss: 0.0004  Acc: 2000.0/ 2000

Average test loss: 3.1710  Accuracy: 1035/ 2210 (46.83%)

Epoch: 45
[ 2000/ 8544 ( 23%)]  Loss: 0.0006  Acc: 2000.0/ 2000
[ 4000/ 8544 ( 47%)]  Loss: 0.0010  Acc: 2000.0/ 2000
[ 6000/ 8544 ( 70%)]  Loss: 0.0001  Acc: 2000.0/ 2000
[ 8000/ 8544 ( 94%)]  Loss: 0.0000  Acc: 2000.0/ 2000

Average test loss: 3.2979  Accuracy: 1080/ 2210 (48.87%)

Epoch: 46
[ 2000/ 8544 ( 23%)]  Loss: 0.0001  Acc: 2000.0/ 2000
[ 4000/ 8544 ( 47%)]  Loss: 0.0000  Acc: 2000.0/ 2000
[ 6000/ 8544 ( 70%)]  Loss: 0.0000  Acc: 2000.0/ 2000
[ 8000/ 8544 ( 94%)]  Loss: 0.0002  Acc: 2000.0/ 2000

Average test loss: 3.3209  Accuracy: 1080/ 2210 (48.87%)

Epoch: 47
[ 2000/ 8544 ( 23%)]  Loss: 0.0001  Acc: 2000.0/ 2000
[ 4000/ 8544 ( 47%)]  Loss: 0.0001  Acc: 2000.0/ 2000
[ 6000/ 8544 ( 70%)]  Loss: 0.0000  Acc: 2000.0/ 2000
[ 8000/ 8544 ( 94%)]  Loss: 0.0000  Acc: 2000.0/ 2000

Average test loss: 3.3388  Accuracy: 1080/ 2210 (48.87%)

Epoch: 48
[ 2000/ 8544 ( 23%)]  Loss: 0.0001  Acc: 2000.0/ 2000
[ 4000/ 8544 ( 47%)]  Loss: 0.0002  Acc: 2000.0/ 2000
[ 6000/ 8544 ( 70%)]  Loss: 0.0001  Acc: 2000.0/ 2000
[ 8000/ 8544 ( 94%)]  Loss: 0.0001  Acc: 2000.0/ 2000

Average test loss: 3.3708  Accuracy: 1080/ 2210 (48.87%)

Epoch: 49
[ 2000/ 8544 ( 23%)]  Loss: 0.0001  Acc: 2000.0/ 2000
[ 4000/ 8544 ( 47%)]  Loss: 0.0000  Acc: 2000.0/ 2000
[ 6000/ 8544 ( 70%)]  Loss: 0.0000  Acc: 2000.0/ 2000
[ 8000/ 8544 ( 94%)]  Loss: 0.0001  Acc: 2000.0/ 2000

Average test loss: 3.3914  Accuracy: 1080/ 2210 (48.87%)

Epoch: 50
[ 2000/ 8544 ( 23%)]  Loss: 0.0000  Acc: 2000.0/ 2000
[ 4000/ 8544 ( 47%)]  Loss: 0.0001  Acc: 2000.0/ 2000
[ 6000/ 8544 ( 70%)]  Loss: 0.0001  Acc: 2000.0/ 2000
[ 8000/ 8544 ( 94%)]  Loss: 0.0001  Acc: 2000.0/ 2000

Average test loss: 3.4160  Accuracy: 1080/ 2210 (48.87%)

Execution time: 269.18 seconds
Epoch: 1
[ 2000/ 8544 ( 23%)]  Loss: 1.4387  Acc: 658.0/ 2000
[ 4000/ 8544 ( 47%)]  Loss: 1.3144  Acc: 800.0/ 2000
[ 6000/ 8544 ( 70%)]  Loss: 1.2388  Acc: 837.0/ 2000
[ 8000/ 8544 ( 94%)]  Loss: 1.2567  Acc: 952.0/ 2000

Average test loss: 1.5466  Accuracy:  720/ 2210 (32.58%)

Epoch: 2
[ 2000/ 8544 ( 23%)]  Loss: 1.1105  Acc: 1071.0/ 2000
[ 4000/ 8544 ( 47%)]  Loss: 1.0211  Acc: 1116.0/ 2000
[ 6000/ 8544 ( 70%)]  Loss: 0.9928  Acc: 1125.0/ 2000
[ 8000/ 8544 ( 94%)]  Loss: 1.1316  Acc: 1225.0/ 2000

Average test loss: 1.8003  Accuracy:  675/ 2210 (30.54%)

Epoch: 3
[ 2000/ 8544 ( 23%)]  Loss: 0.7170  Acc: 1318.0/ 2000
[ 4000/ 8544 ( 47%)]  Loss: 0.9289  Acc: 1358.0/ 2000
[ 6000/ 8544 ( 70%)]  Loss: 0.9177  Acc: 1398.0/ 2000
[ 8000/ 8544 ( 94%)]  Loss: 0.7432  Acc: 1441.0/ 2000

Average test loss: 2.0955  Accuracy:  540/ 2210 (24.43%)

Epoch: 4
[ 2000/ 8544 ( 23%)]  Loss: 0.8900  Acc: 1539.0/ 2000
[ 4000/ 8544 ( 47%)]  Loss: 0.6132  Acc: 1554.0/ 2000
[ 6000/ 8544 ( 70%)]  Loss: 0.6258  Acc: 1600.0/ 2000
[ 8000/ 8544 ( 94%)]  Loss: 0.6828  Acc: 1677.0/ 2000

Average test loss: 2.2516  Accuracy:  720/ 2210 (32.58%)

Epoch: 5
[ 2000/ 8544 ( 23%)]  Loss: 0.4284  Acc: 1651.0/ 2000
[ 4000/ 8544 ( 47%)]  Loss: 0.2604  Acc: 1715.0/ 2000
[ 6000/ 8544 ( 70%)]  Loss: 0.4918  Acc: 1760.0/ 2000
[ 8000/ 8544 ( 94%)]  Loss: 0.2770  Acc: 1794.0/ 2000

Average test loss: 2.4451  Accuracy:  675/ 2210 (30.54%)

Epoch: 6
[ 2000/ 8544 ( 23%)]  Loss: 0.1805  Acc: 1797.0/ 2000
[ 4000/ 8544 ( 47%)]  Loss: 0.5208  Acc: 1814.0/ 2000
[ 6000/ 8544 ( 70%)]  Loss: 0.1915  Acc: 1834.0/ 2000
[ 8000/ 8544 ( 94%)]  Loss: 0.2616  Acc: 1838.0/ 2000

Average test loss: 2.5811  Accuracy:  900/ 2210 (40.72%)

Epoch: 7
[ 2000/ 8544 ( 23%)]  Loss: 0.1789  Acc: 1885.0/ 2000
[ 4000/ 8544 ( 47%)]  Loss: 0.1803  Acc: 1895.0/ 2000
[ 6000/ 8544 ( 70%)]  Loss: 0.0950  Acc: 1896.0/ 2000
[ 8000/ 8544 ( 94%)]  Loss: 0.1320  Acc: 1899.0/ 2000

Average test loss: 2.5153  Accuracy:  945/ 2210 (42.76%)

Epoch: 8
[ 2000/ 8544 ( 23%)]  Loss: 0.1080  Acc: 1904.0/ 2000
[ 4000/ 8544 ( 47%)]  Loss: 0.2017  Acc: 1928.0/ 2000
[ 6000/ 8544 ( 70%)]  Loss: 0.0454  Acc: 1928.0/ 2000
[ 8000/ 8544 ( 94%)]  Loss: 0.0497  Acc: 1929.0/ 2000

Average test loss: 2.7437  Accuracy:  765/ 2210 (34.62%)

Epoch: 9
[ 2000/ 8544 ( 23%)]  Loss: 0.0389  Acc: 1939.0/ 2000
[ 4000/ 8544 ( 47%)]  Loss: 0.1210  Acc: 1947.0/ 2000
[ 6000/ 8544 ( 70%)]  Loss: 0.0763  Acc: 1950.0/ 2000
[ 8000/ 8544 ( 94%)]  Loss: 0.1126  Acc: 1944.0/ 2000

Average test loss: 2.6631  Accuracy:  765/ 2210 (34.62%)

Epoch: 10
[ 2000/ 8544 ( 23%)]  Loss: 0.0390  Acc: 1959.0/ 2000
[ 4000/ 8544 ( 47%)]  Loss: 0.0180  Acc: 1970.0/ 2000
[ 6000/ 8544 ( 70%)]  Loss: 0.0976  Acc: 1965.0/ 2000
[ 8000/ 8544 ( 94%)]  Loss: 0.0203  Acc: 1971.0/ 2000

Average test loss: 2.8408  Accuracy:  990/ 2210 (44.80%)

Epoch: 11
[ 2000/ 8544 ( 23%)]  Loss: 0.0397  Acc: 1969.0/ 2000
[ 4000/ 8544 ( 47%)]  Loss: 0.0152  Acc: 1981.0/ 2000
[ 6000/ 8544 ( 70%)]  Loss: 0.0062  Acc: 1976.0/ 2000
[ 8000/ 8544 ( 94%)]  Loss: 0.0191  Acc: 1966.0/ 2000

Average test loss: 3.2652  Accuracy:  900/ 2210 (40.72%)

Epoch: 12
[ 2000/ 8544 ( 23%)]  Loss: 0.0820  Acc: 1987.0/ 2000
[ 4000/ 8544 ( 47%)]  Loss: 0.0084  Acc: 1982.0/ 2000
[ 6000/ 8544 ( 70%)]  Loss: 0.0165  Acc: 1984.0/ 2000
[ 8000/ 8544 ( 94%)]  Loss: 0.0044  Acc: 1986.0/ 2000

Average test loss: 3.1830  Accuracy:  990/ 2210 (44.80%)

Epoch: 13
[ 2000/ 8544 ( 23%)]  Loss: 0.0022  Acc: 1987.0/ 2000
[ 4000/ 8544 ( 47%)]  Loss: 0.0342  Acc: 1985.0/ 2000
[ 6000/ 8544 ( 70%)]  Loss: 0.0123  Acc: 1989.0/ 2000
[ 8000/ 8544 ( 94%)]  Loss: 0.0146  Acc: 1980.0/ 2000

Average test loss: 2.9660  Accuracy: 1170/ 2210 (52.94%)

Epoch: 14
[ 2000/ 8544 ( 23%)]  Loss: 0.0221  Acc: 1986.0/ 2000
[ 4000/ 8544 ( 47%)]  Loss: 0.0113  Acc: 1985.0/ 2000
[ 6000/ 8544 ( 70%)]  Loss: 0.0019  Acc: 1983.0/ 2000
[ 8000/ 8544 ( 94%)]  Loss: 0.0067  Acc: 1989.0/ 2000

Average test loss: 3.2111  Accuracy: 1035/ 2210 (46.83%)

Epoch: 15
[ 2000/ 8544 ( 23%)]  Loss: 0.0939  Acc: 1972.0/ 2000
[ 4000/ 8544 ( 47%)]  Loss: 0.0217  Acc: 1971.0/ 2000
[ 6000/ 8544 ( 70%)]  Loss: 0.0247  Acc: 1971.0/ 2000
[ 8000/ 8544 ( 94%)]  Loss: 0.0032  Acc: 1977.0/ 2000

Average test loss: 3.5932  Accuracy:  855/ 2210 (38.69%)

Epoch: 16
[ 2000/ 8544 ( 23%)]  Loss: 0.0071  Acc: 1980.0/ 2000
[ 4000/ 8544 ( 47%)]  Loss: 0.0060  Acc: 1974.0/ 2000
[ 6000/ 8544 ( 70%)]  Loss: 0.0093  Acc: 1982.0/ 2000
[ 8000/ 8544 ( 94%)]  Loss: 0.0394  Acc: 1987.0/ 2000

Average test loss: 3.5648  Accuracy: 1125/ 2210 (50.90%)

Epoch: 17
[ 2000/ 8544 ( 23%)]  Loss: 0.0220  Acc: 1985.0/ 2000
[ 4000/ 8544 ( 47%)]  Loss: 0.0036  Acc: 1985.0/ 2000
[ 6000/ 8544 ( 70%)]  Loss: 0.0870  Acc: 1970.0/ 2000
[ 8000/ 8544 ( 94%)]  Loss: 0.0891  Acc: 1952.0/ 2000

Average test loss: 3.2687  Accuracy:  855/ 2210 (38.69%)

Epoch: 18
[ 2000/ 8544 ( 23%)]  Loss: 0.1125  Acc: 1956.0/ 2000
[ 4000/ 8544 ( 47%)]  Loss: 0.0205  Acc: 1969.0/ 2000
[ 6000/ 8544 ( 70%)]  Loss: 0.0449  Acc: 1973.0/ 2000
[ 8000/ 8544 ( 94%)]  Loss: 0.0013  Acc: 1985.0/ 2000

Average test loss: 3.3760  Accuracy:  945/ 2210 (42.76%)

Epoch: 19
[ 2000/ 8544 ( 23%)]  Loss: 0.0107  Acc: 1988.0/ 2000
[ 4000/ 8544 ( 47%)]  Loss: 0.0224  Acc: 1990.0/ 2000
[ 6000/ 8544 ( 70%)]  Loss: 0.0264  Acc: 1989.0/ 2000
[ 8000/ 8544 ( 94%)]  Loss: 0.0039  Acc: 1984.0/ 2000

Average test loss: 3.0791  Accuracy:  945/ 2210 (42.76%)

Epoch: 20
[ 2000/ 8544 ( 23%)]  Loss: 0.0018  Acc: 1986.0/ 2000
[ 4000/ 8544 ( 47%)]  Loss: 0.0494  Acc: 1983.0/ 2000
[ 6000/ 8544 ( 70%)]  Loss: 0.0085  Acc: 1991.0/ 2000
[ 8000/ 8544 ( 94%)]  Loss: 0.0291  Acc: 1991.0/ 2000

Average test loss: 3.4026  Accuracy: 1170/ 2210 (52.94%)

Epoch: 21
[ 2000/ 8544 ( 23%)]  Loss: 0.1618  Acc: 1975.0/ 2000
[ 4000/ 8544 ( 47%)]  Loss: 0.0322  Acc: 1980.0/ 2000
[ 6000/ 8544 ( 70%)]  Loss: 0.0102  Acc: 1975.0/ 2000
[ 8000/ 8544 ( 94%)]  Loss: 0.0085  Acc: 1971.0/ 2000

Average test loss: 2.4242  Accuracy: 1080/ 2210 (48.87%)

Epoch: 22
[ 2000/ 8544 ( 23%)]  Loss: 0.0812  Acc: 1972.0/ 2000
[ 4000/ 8544 ( 47%)]  Loss: 0.2617  Acc: 1805.0/ 2000
[ 6000/ 8544 ( 70%)]  Loss: 0.0375  Acc: 1909.0/ 2000
[ 8000/ 8544 ( 94%)]  Loss: 0.1260  Acc: 1960.0/ 2000

Average test loss: 2.5575  Accuracy: 1125/ 2210 (50.90%)

Epoch: 23
[ 2000/ 8544 ( 23%)]  Loss: 0.1310  Acc: 1971.0/ 2000
[ 4000/ 8544 ( 47%)]  Loss: 0.0044  Acc: 1986.0/ 2000
[ 6000/ 8544 ( 70%)]  Loss: 0.0174  Acc: 1981.0/ 2000
[ 8000/ 8544 ( 94%)]  Loss: 0.0189  Acc: 1993.0/ 2000

Average test loss: 2.9881  Accuracy: 1125/ 2210 (50.90%)

Epoch: 24
[ 2000/ 8544 ( 23%)]  Loss: 0.0065  Acc: 1995.0/ 2000
[ 4000/ 8544 ( 47%)]  Loss: 0.0049  Acc: 1992.0/ 2000
[ 6000/ 8544 ( 70%)]  Loss: 0.0074  Acc: 1996.0/ 2000
[ 8000/ 8544 ( 94%)]  Loss: 0.0010  Acc: 1996.0/ 2000

Average test loss: 3.1528  Accuracy: 1035/ 2210 (46.83%)

Epoch: 25
[ 2000/ 8544 ( 23%)]  Loss: 0.0061  Acc: 1996.0/ 2000
[ 4000/ 8544 ( 47%)]  Loss: 0.0022  Acc: 1998.0/ 2000
[ 6000/ 8544 ( 70%)]  Loss: 0.1217  Acc: 1982.0/ 2000
[ 8000/ 8544 ( 94%)]  Loss: 0.0028  Acc: 1977.0/ 2000

Average test loss: 3.2469  Accuracy: 1080/ 2210 (48.87%)

Epoch: 26
[ 2000/ 8544 ( 23%)]  Loss: 0.0506  Acc: 1991.0/ 2000
[ 4000/ 8544 ( 47%)]  Loss: 0.0238  Acc: 1992.0/ 2000
[ 6000/ 8544 ( 70%)]  Loss: 0.0793  Acc: 1993.0/ 2000
[ 8000/ 8544 ( 94%)]  Loss: 0.0004  Acc: 1997.0/ 2000

Average test loss: 3.0532  Accuracy: 1170/ 2210 (52.94%)

Epoch: 27
[ 2000/ 8544 ( 23%)]  Loss: 0.0021  Acc: 1999.0/ 2000
[ 4000/ 8544 ( 47%)]  Loss: 0.0010  Acc: 1999.0/ 2000
[ 6000/ 8544 ( 70%)]  Loss: 0.0005  Acc: 2000.0/ 2000
[ 8000/ 8544 ( 94%)]  Loss: 0.0015  Acc: 1999.0/ 2000

Average test loss: 3.0334  Accuracy: 1125/ 2210 (50.90%)

Epoch: 28
[ 2000/ 8544 ( 23%)]  Loss: 0.0003  Acc: 2000.0/ 2000
[ 4000/ 8544 ( 47%)]  Loss: 0.0004  Acc: 2000.0/ 2000
[ 6000/ 8544 ( 70%)]  Loss: 0.0003  Acc: 2000.0/ 2000
[ 8000/ 8544 ( 94%)]  Loss: 0.0001  Acc: 2000.0/ 2000

Average test loss: 3.0769  Accuracy: 1170/ 2210 (52.94%)

Epoch: 29
[ 2000/ 8544 ( 23%)]  Loss: 0.0004  Acc: 2000.0/ 2000
[ 4000/ 8544 ( 47%)]  Loss: 0.0006  Acc: 2000.0/ 2000
[ 6000/ 8544 ( 70%)]  Loss: 0.0004  Acc: 2000.0/ 2000
[ 8000/ 8544 ( 94%)]  Loss: 0.0004  Acc: 2000.0/ 2000

Average test loss: 3.1771  Accuracy: 1125/ 2210 (50.90%)

Epoch: 30
[ 2000/ 8544 ( 23%)]  Loss: 0.0001  Acc: 2000.0/ 2000
[ 4000/ 8544 ( 47%)]  Loss: 0.0002  Acc: 2000.0/ 2000
[ 6000/ 8544 ( 70%)]  Loss: 0.0002  Acc: 1999.0/ 2000
[ 8000/ 8544 ( 94%)]  Loss: 0.0003  Acc: 2000.0/ 2000

Average test loss: 3.0905  Accuracy: 1215/ 2210 (54.98%)

Epoch: 31
[ 2000/ 8544 ( 23%)]  Loss: 0.0003  Acc: 2000.0/ 2000
[ 4000/ 8544 ( 47%)]  Loss: 0.0002  Acc: 2000.0/ 2000
[ 6000/ 8544 ( 70%)]  Loss: 0.0002  Acc: 2000.0/ 2000
[ 8000/ 8544 ( 94%)]  Loss: 0.0001  Acc: 2000.0/ 2000

Average test loss: 3.1401  Accuracy: 1260/ 2210 (57.01%)

Epoch: 32
[ 2000/ 8544 ( 23%)]  Loss: 0.0003  Acc: 2000.0/ 2000
[ 4000/ 8544 ( 47%)]  Loss: 0.0003  Acc: 2000.0/ 2000
[ 6000/ 8544 ( 70%)]  Loss: 0.0002  Acc: 2000.0/ 2000
[ 8000/ 8544 ( 94%)]  Loss: 0.0002  Acc: 2000.0/ 2000

Average test loss: 3.1730  Accuracy: 1260/ 2210 (57.01%)

Epoch: 33
[ 2000/ 8544 ( 23%)]  Loss: 0.0001  Acc: 2000.0/ 2000
[ 4000/ 8544 ( 47%)]  Loss: 0.0001  Acc: 2000.0/ 2000
[ 6000/ 8544 ( 70%)]  Loss: 0.0001  Acc: 2000.0/ 2000
[ 8000/ 8544 ( 94%)]  Loss: 0.0000  Acc: 2000.0/ 2000

Average test loss: 3.1836  Accuracy: 1260/ 2210 (57.01%)

Epoch: 34
[ 2000/ 8544 ( 23%)]  Loss: 0.0001  Acc: 2000.0/ 2000
[ 4000/ 8544 ( 47%)]  Loss: 0.0001  Acc: 2000.0/ 2000
[ 6000/ 8544 ( 70%)]  Loss: 0.0001  Acc: 2000.0/ 2000
[ 8000/ 8544 ( 94%)]  Loss: 0.0001  Acc: 2000.0/ 2000

Average test loss: 3.2209  Accuracy: 1260/ 2210 (57.01%)

Epoch: 35
[ 2000/ 8544 ( 23%)]  Loss: 0.0002  Acc: 2000.0/ 2000
[ 4000/ 8544 ( 47%)]  Loss: 0.0001  Acc: 2000.0/ 2000
[ 6000/ 8544 ( 70%)]  Loss: 0.0000  Acc: 2000.0/ 2000
[ 8000/ 8544 ( 94%)]  Loss: 0.0001  Acc: 2000.0/ 2000

Average test loss: 3.2269  Accuracy: 1260/ 2210 (57.01%)

Epoch: 36
[ 2000/ 8544 ( 23%)]  Loss: 0.0001  Acc: 2000.0/ 2000
[ 4000/ 8544 ( 47%)]  Loss: 0.0000  Acc: 2000.0/ 2000
[ 6000/ 8544 ( 70%)]  Loss: 0.0001  Acc: 2000.0/ 2000
[ 8000/ 8544 ( 94%)]  Loss: 0.0002  Acc: 2000.0/ 2000

Average test loss: 3.2408  Accuracy: 1260/ 2210 (57.01%)

Epoch: 37
[ 2000/ 8544 ( 23%)]  Loss: 0.0001  Acc: 2000.0/ 2000
[ 4000/ 8544 ( 47%)]  Loss: 0.0001  Acc: 2000.0/ 2000
[ 6000/ 8544 ( 70%)]  Loss: 0.0001  Acc: 2000.0/ 2000
[ 8000/ 8544 ( 94%)]  Loss: 0.0001  Acc: 2000.0/ 2000

Average test loss: 3.2566  Accuracy: 1260/ 2210 (57.01%)

Epoch: 38
[ 2000/ 8544 ( 23%)]  Loss: 0.0001  Acc: 2000.0/ 2000
[ 4000/ 8544 ( 47%)]  Loss: 0.0001  Acc: 2000.0/ 2000
[ 6000/ 8544 ( 70%)]  Loss: 0.0001  Acc: 2000.0/ 2000
[ 8000/ 8544 ( 94%)]  Loss: 0.0001  Acc: 2000.0/ 2000

Average test loss: 3.2708  Accuracy: 1260/ 2210 (57.01%)

Epoch: 39
[ 2000/ 8544 ( 23%)]  Loss: 0.0002  Acc: 2000.0/ 2000
[ 4000/ 8544 ( 47%)]  Loss: 0.0000  Acc: 2000.0/ 2000
[ 6000/ 8544 ( 70%)]  Loss: 0.0001  Acc: 2000.0/ 2000
[ 8000/ 8544 ( 94%)]  Loss: 0.0001  Acc: 2000.0/ 2000

Average test loss: 3.2890  Accuracy: 1260/ 2210 (57.01%)

Epoch: 40
[ 2000/ 8544 ( 23%)]  Loss: 0.0001  Acc: 2000.0/ 2000
[ 4000/ 8544 ( 47%)]  Loss: 0.0001  Acc: 2000.0/ 2000
[ 6000/ 8544 ( 70%)]  Loss: 0.0001  Acc: 2000.0/ 2000
[ 8000/ 8544 ( 94%)]  Loss: 0.0000  Acc: 2000.0/ 2000

Average test loss: 3.3210  Accuracy: 1260/ 2210 (57.01%)

Epoch: 41
[ 2000/ 8544 ( 23%)]  Loss: 0.0001  Acc: 2000.0/ 2000
[ 4000/ 8544 ( 47%)]  Loss: 0.0000  Acc: 2000.0/ 2000
[ 6000/ 8544 ( 70%)]  Loss: 0.0000  Acc: 2000.0/ 2000
[ 8000/ 8544 ( 94%)]  Loss: 0.0000  Acc: 2000.0/ 2000

Average test loss: 3.3508  Accuracy: 1260/ 2210 (57.01%)

Epoch: 42
[ 2000/ 8544 ( 23%)]  Loss: 0.0000  Acc: 2000.0/ 2000
[ 4000/ 8544 ( 47%)]  Loss: 0.0001  Acc: 2000.0/ 2000
[ 6000/ 8544 ( 70%)]  Loss: 0.0000  Acc: 2000.0/ 2000
[ 8000/ 8544 ( 94%)]  Loss: 0.0000  Acc: 2000.0/ 2000

Average test loss: 3.3666  Accuracy: 1260/ 2210 (57.01%)

Epoch: 43
[ 2000/ 8544 ( 23%)]  Loss: 0.0000  Acc: 2000.0/ 2000
[ 4000/ 8544 ( 47%)]  Loss: 0.0000  Acc: 2000.0/ 2000
[ 6000/ 8544 ( 70%)]  Loss: 0.0001  Acc: 2000.0/ 2000
[ 8000/ 8544 ( 94%)]  Loss: 0.0000  Acc: 2000.0/ 2000

Average test loss: 3.3933  Accuracy: 1260/ 2210 (57.01%)

Epoch: 44
[ 2000/ 8544 ( 23%)]  Loss: 0.0001  Acc: 2000.0/ 2000
[ 4000/ 8544 ( 47%)]  Loss: 0.0000  Acc: 2000.0/ 2000
[ 6000/ 8544 ( 70%)]  Loss: 0.0000  Acc: 2000.0/ 2000
[ 8000/ 8544 ( 94%)]  Loss: 0.0000  Acc: 2000.0/ 2000

Average test loss: 3.4107  Accuracy: 1260/ 2210 (57.01%)

Epoch: 45
[ 2000/ 8544 ( 23%)]  Loss: 0.0000  Acc: 2000.0/ 2000
[ 4000/ 8544 ( 47%)]  Loss: 0.0000  Acc: 2000.0/ 2000
[ 6000/ 8544 ( 70%)]  Loss: 0.0000  Acc: 2000.0/ 2000
[ 8000/ 8544 ( 94%)]  Loss: 0.0001  Acc: 2000.0/ 2000

Average test loss: 3.4210  Accuracy: 1260/ 2210 (57.01%)

Epoch: 46
[ 2000/ 8544 ( 23%)]  Loss: 0.0000  Acc: 2000.0/ 2000
[ 4000/ 8544 ( 47%)]  Loss: 0.0000  Acc: 2000.0/ 2000
[ 6000/ 8544 ( 70%)]  Loss: 0.0000  Acc: 2000.0/ 2000
[ 8000/ 8544 ( 94%)]  Loss: 0.0001  Acc: 2000.0/ 2000

Average test loss: 3.4518  Accuracy: 1260/ 2210 (57.01%)

Epoch: 47
[ 2000/ 8544 ( 23%)]  Loss: 0.0000  Acc: 2000.0/ 2000
[ 4000/ 8544 ( 47%)]  Loss: 0.0000  Acc: 2000.0/ 2000
[ 6000/ 8544 ( 70%)]  Loss: 0.0000  Acc: 2000.0/ 2000
[ 8000/ 8544 ( 94%)]  Loss: 0.0000  Acc: 2000.0/ 2000

Average test loss: 3.4652  Accuracy: 1260/ 2210 (57.01%)

Epoch: 48
[ 2000/ 8544 ( 23%)]  Loss: 0.0000  Acc: 2000.0/ 2000
[ 4000/ 8544 ( 47%)]  Loss: 0.0000  Acc: 2000.0/ 2000
[ 6000/ 8544 ( 70%)]  Loss: 0.0001  Acc: 2000.0/ 2000
[ 8000/ 8544 ( 94%)]  Loss: 0.0000  Acc: 2000.0/ 2000

Average test loss: 3.4906  Accuracy: 1260/ 2210 (57.01%)

Epoch: 49
[ 2000/ 8544 ( 23%)]  Loss: 0.0000  Acc: 2000.0/ 2000
[ 4000/ 8544 ( 47%)]  Loss: 0.0000  Acc: 2000.0/ 2000
[ 6000/ 8544 ( 70%)]  Loss: 0.0000  Acc: 2000.0/ 2000
[ 8000/ 8544 ( 94%)]  Loss: 0.0000  Acc: 2000.0/ 2000

Average test loss: 3.5008  Accuracy: 1260/ 2210 (57.01%)

Epoch: 50
[ 2000/ 8544 ( 23%)]  Loss: 0.0000  Acc: 2000.0/ 2000
[ 4000/ 8544 ( 47%)]  Loss: 0.0000  Acc: 2000.0/ 2000
[ 6000/ 8544 ( 70%)]  Loss: 0.0000  Acc: 2000.0/ 2000
[ 8000/ 8544 ( 94%)]  Loss: 0.0000  Acc: 2000.0/ 2000

Average test loss: 3.5244  Accuracy: 1260/ 2210 (57.01%)

Execution time: 501.38 seconds
Epoch: 1
[ 2000/ 8544 ( 23%)]  Loss: 1.4312  Acc: 648.0/ 2000
[ 4000/ 8544 ( 47%)]  Loss: 1.3920  Acc: 761.0/ 2000
[ 6000/ 8544 ( 70%)]  Loss: 1.1560  Acc: 836.0/ 2000
[ 8000/ 8544 ( 94%)]  Loss: 1.2471  Acc: 905.0/ 2000

Average test loss: 1.4660  Accuracy:  675/ 2210 (30.54%)

Epoch: 2
[ 2000/ 8544 ( 23%)]  Loss: 1.2345  Acc: 992.0/ 2000
[ 4000/ 8544 ( 47%)]  Loss: 1.1473  Acc: 1071.0/ 2000
[ 6000/ 8544 ( 70%)]  Loss: 0.9467  Acc: 1138.0/ 2000
[ 8000/ 8544 ( 94%)]  Loss: 0.9977  Acc: 1194.0/ 2000

Average test loss: 1.8974  Accuracy:  540/ 2210 (24.43%)

Epoch: 3
[ 2000/ 8544 ( 23%)]  Loss: 0.8996  Acc: 1251.0/ 2000
[ 4000/ 8544 ( 47%)]  Loss: 0.7409  Acc: 1268.0/ 2000
[ 6000/ 8544 ( 70%)]  Loss: 1.0190  Acc: 1343.0/ 2000
[ 8000/ 8544 ( 94%)]  Loss: 0.9620  Acc: 1405.0/ 2000

Average test loss: 2.0899  Accuracy:  585/ 2210 (26.47%)

Epoch: 4
[ 2000/ 8544 ( 23%)]  Loss: 0.8551  Acc: 1399.0/ 2000
[ 4000/ 8544 ( 47%)]  Loss: 0.5339  Acc: 1537.0/ 2000
[ 6000/ 8544 ( 70%)]  Loss: 0.7228  Acc: 1513.0/ 2000
[ 8000/ 8544 ( 94%)]  Loss: 0.7389  Acc: 1552.0/ 2000

Average test loss: 2.1649  Accuracy:  585/ 2210 (26.47%)

Epoch: 5
[ 2000/ 8544 ( 23%)]  Loss: 0.6248  Acc: 1649.0/ 2000
[ 4000/ 8544 ( 47%)]  Loss: 0.7031  Acc: 1610.0/ 2000
[ 6000/ 8544 ( 70%)]  Loss: 0.3764  Acc: 1678.0/ 2000
[ 8000/ 8544 ( 94%)]  Loss: 0.4953  Acc: 1737.0/ 2000

Average test loss: 2.4950  Accuracy:  765/ 2210 (34.62%)

Epoch: 6
[ 2000/ 8544 ( 23%)]  Loss: 0.4745  Acc: 1748.0/ 2000
[ 4000/ 8544 ( 47%)]  Loss: 0.4021  Acc: 1788.0/ 2000
[ 6000/ 8544 ( 70%)]  Loss: 0.4062  Acc: 1803.0/ 2000
[ 8000/ 8544 ( 94%)]  Loss: 0.2764  Acc: 1788.0/ 2000

Average test loss: 2.0832  Accuracy:  810/ 2210 (36.65%)

Epoch: 7
[ 2000/ 8544 ( 23%)]  Loss: 0.3363  Acc: 1755.0/ 2000
[ 4000/ 8544 ( 47%)]  Loss: 0.1343  Acc: 1840.0/ 2000
[ 6000/ 8544 ( 70%)]  Loss: 0.4610  Acc: 1832.0/ 2000
[ 8000/ 8544 ( 94%)]  Loss: 0.2147  Acc: 1829.0/ 2000

Average test loss: 2.7496  Accuracy:  765/ 2210 (34.62%)

Epoch: 8
[ 2000/ 8544 ( 23%)]  Loss: 0.2065  Acc: 1856.0/ 2000
[ 4000/ 8544 ( 47%)]  Loss: 0.0650  Acc: 1878.0/ 2000
[ 6000/ 8544 ( 70%)]  Loss: 0.0640  Acc: 1909.0/ 2000
[ 8000/ 8544 ( 94%)]  Loss: 0.1772  Acc: 1879.0/ 2000

Average test loss: 2.6911  Accuracy:  675/ 2210 (30.54%)

Epoch: 9
[ 2000/ 8544 ( 23%)]  Loss: 0.1197  Acc: 1889.0/ 2000
[ 4000/ 8544 ( 47%)]  Loss: 0.2080  Acc: 1903.0/ 2000
[ 6000/ 8544 ( 70%)]  Loss: 0.1890  Acc: 1919.0/ 2000
[ 8000/ 8544 ( 94%)]  Loss: 0.0957  Acc: 1909.0/ 2000

Average test loss: 2.6558  Accuracy:  900/ 2210 (40.72%)

Epoch: 10
[ 2000/ 8544 ( 23%)]  Loss: 0.0069  Acc: 1937.0/ 2000
[ 4000/ 8544 ( 47%)]  Loss: 0.0933  Acc: 1923.0/ 2000
[ 6000/ 8544 ( 70%)]  Loss: 0.1096  Acc: 1939.0/ 2000
[ 8000/ 8544 ( 94%)]  Loss: 0.1220  Acc: 1945.0/ 2000

Average test loss: 3.2563  Accuracy:  720/ 2210 (32.58%)

Epoch: 11
[ 2000/ 8544 ( 23%)]  Loss: 0.0361  Acc: 1943.0/ 2000
[ 4000/ 8544 ( 47%)]  Loss: 0.0608  Acc: 1950.0/ 2000
[ 6000/ 8544 ( 70%)]  Loss: 0.0451  Acc: 1923.0/ 2000
[ 8000/ 8544 ( 94%)]  Loss: 0.1233  Acc: 1936.0/ 2000

Average test loss: 3.2256  Accuracy:  855/ 2210 (38.69%)

Epoch: 12
[ 2000/ 8544 ( 23%)]  Loss: 0.0826  Acc: 1956.0/ 2000
[ 4000/ 8544 ( 47%)]  Loss: 0.0090  Acc: 1953.0/ 2000
[ 6000/ 8544 ( 70%)]  Loss: 0.1923  Acc: 1952.0/ 2000
[ 8000/ 8544 ( 94%)]  Loss: 0.2047  Acc: 1958.0/ 2000

Average test loss: 3.2172  Accuracy: 1125/ 2210 (50.90%)

Epoch: 13
[ 2000/ 8544 ( 23%)]  Loss: 0.0321  Acc: 1950.0/ 2000
[ 4000/ 8544 ( 47%)]  Loss: 0.0277  Acc: 1960.0/ 2000
[ 6000/ 8544 ( 70%)]  Loss: 0.0569  Acc: 1947.0/ 2000
[ 8000/ 8544 ( 94%)]  Loss: 0.0539  Acc: 1929.0/ 2000

Average test loss: 3.2675  Accuracy:  990/ 2210 (44.80%)

Epoch: 14
[ 2000/ 8544 ( 23%)]  Loss: 0.0136  Acc: 1947.0/ 2000
[ 4000/ 8544 ( 47%)]  Loss: 0.0237  Acc: 1971.0/ 2000
[ 6000/ 8544 ( 70%)]  Loss: 0.0113  Acc: 1974.0/ 2000
[ 8000/ 8544 ( 94%)]  Loss: 0.0816  Acc: 1948.0/ 2000

Average test loss: 3.4250  Accuracy:  855/ 2210 (38.69%)

Epoch: 15
[ 2000/ 8544 ( 23%)]  Loss: 0.0062  Acc: 1963.0/ 2000
[ 4000/ 8544 ( 47%)]  Loss: 0.0355  Acc: 1975.0/ 2000
[ 6000/ 8544 ( 70%)]  Loss: 0.0686  Acc: 1981.0/ 2000
[ 8000/ 8544 ( 94%)]  Loss: 0.0553  Acc: 1951.0/ 2000

Average test loss: 4.2532  Accuracy:  810/ 2210 (36.65%)

Epoch: 16
[ 2000/ 8544 ( 23%)]  Loss: 0.1845  Acc: 1931.0/ 2000
[ 4000/ 8544 ( 47%)]  Loss: 0.1308  Acc: 1937.0/ 2000
[ 6000/ 8544 ( 70%)]  Loss: 0.0589  Acc: 1958.0/ 2000
[ 8000/ 8544 ( 94%)]  Loss: 0.0976  Acc: 1953.0/ 2000

Average test loss: 3.7989  Accuracy:  855/ 2210 (38.69%)

Epoch: 17
[ 2000/ 8544 ( 23%)]  Loss: 0.0789  Acc: 1964.0/ 2000
[ 4000/ 8544 ( 47%)]  Loss: 0.0380  Acc: 1963.0/ 2000
[ 6000/ 8544 ( 70%)]  Loss: 0.0168  Acc: 1975.0/ 2000
[ 8000/ 8544 ( 94%)]  Loss: 0.1820  Acc: 1980.0/ 2000

Average test loss: 3.8792  Accuracy:  945/ 2210 (42.76%)

Epoch: 18
[ 2000/ 8544 ( 23%)]  Loss: 0.1156  Acc: 1976.0/ 2000
[ 4000/ 8544 ( 47%)]  Loss: 0.0366  Acc: 1972.0/ 2000
[ 6000/ 8544 ( 70%)]  Loss: 0.0042  Acc: 1987.0/ 2000
[ 8000/ 8544 ( 94%)]  Loss: 0.0619  Acc: 1975.0/ 2000

Average test loss: 4.0715  Accuracy:  855/ 2210 (38.69%)

Epoch: 19
[ 2000/ 8544 ( 23%)]  Loss: 0.0032  Acc: 1981.0/ 2000
[ 4000/ 8544 ( 47%)]  Loss: 0.0065  Acc: 1990.0/ 2000
[ 6000/ 8544 ( 70%)]  Loss: 0.0791  Acc: 1982.0/ 2000
[ 8000/ 8544 ( 94%)]  Loss: 0.0342  Acc: 1980.0/ 2000

Average test loss: 4.1151  Accuracy:  900/ 2210 (40.72%)

Epoch: 20
[ 2000/ 8544 ( 23%)]  Loss: 0.0039  Acc: 1980.0/ 2000
[ 4000/ 8544 ( 47%)]  Loss: 0.0206  Acc: 1959.0/ 2000
[ 6000/ 8544 ( 70%)]  Loss: 0.0387  Acc: 1963.0/ 2000
[ 8000/ 8544 ( 94%)]  Loss: 0.0549  Acc: 1958.0/ 2000

Average test loss: 4.1144  Accuracy:  855/ 2210 (38.69%)

Epoch: 21
[ 2000/ 8544 ( 23%)]  Loss: 0.0481  Acc: 1949.0/ 2000
[ 4000/ 8544 ( 47%)]  Loss: 0.0601  Acc: 1971.0/ 2000
[ 6000/ 8544 ( 70%)]  Loss: 0.0262  Acc: 1985.0/ 2000
[ 8000/ 8544 ( 94%)]  Loss: 0.0062  Acc: 1993.0/ 2000

Average test loss: 4.2060  Accuracy:  855/ 2210 (38.69%)

Epoch: 22
[ 2000/ 8544 ( 23%)]  Loss: 0.0139  Acc: 1989.0/ 2000
[ 4000/ 8544 ( 47%)]  Loss: 0.0068  Acc: 1984.0/ 2000
[ 6000/ 8544 ( 70%)]  Loss: 0.0143  Acc: 1985.0/ 2000
[ 8000/ 8544 ( 94%)]  Loss: 0.0838  Acc: 1972.0/ 2000

Average test loss: 3.9944  Accuracy: 1035/ 2210 (46.83%)

Epoch: 23
[ 2000/ 8544 ( 23%)]  Loss: 0.0346  Acc: 1981.0/ 2000
[ 4000/ 8544 ( 47%)]  Loss: 0.0207  Acc: 1983.0/ 2000
[ 6000/ 8544 ( 70%)]  Loss: 0.0463  Acc: 1979.0/ 2000
[ 8000/ 8544 ( 94%)]  Loss: 0.0058  Acc: 1985.0/ 2000

Average test loss: 3.8393  Accuracy: 1035/ 2210 (46.83%)

Epoch: 24
[ 2000/ 8544 ( 23%)]  Loss: 0.0513  Acc: 1989.0/ 2000
[ 4000/ 8544 ( 47%)]  Loss: 0.0052  Acc: 1990.0/ 2000
[ 6000/ 8544 ( 70%)]  Loss: 0.0042  Acc: 1982.0/ 2000
[ 8000/ 8544 ( 94%)]  Loss: 0.0012  Acc: 1989.0/ 2000

Average test loss: 3.9683  Accuracy: 1080/ 2210 (48.87%)

Epoch: 25
[ 2000/ 8544 ( 23%)]  Loss: 0.1268  Acc: 1990.0/ 2000
[ 4000/ 8544 ( 47%)]  Loss: 0.0587  Acc: 1984.0/ 2000
[ 6000/ 8544 ( 70%)]  Loss: 0.0026  Acc: 1987.0/ 2000
[ 8000/ 8544 ( 94%)]  Loss: 0.0640  Acc: 1991.0/ 2000

Average test loss: 4.2332  Accuracy:  900/ 2210 (40.72%)

Epoch: 26
[ 2000/ 8544 ( 23%)]  Loss: 0.0540  Acc: 1972.0/ 2000
[ 4000/ 8544 ( 47%)]  Loss: 0.0616  Acc: 1964.0/ 2000
[ 6000/ 8544 ( 70%)]  Loss: 0.2457  Acc: 1916.0/ 2000
[ 8000/ 8544 ( 94%)]  Loss: 0.1609  Acc: 1937.0/ 2000

Average test loss: 4.0818  Accuracy:  810/ 2210 (36.65%)

Epoch: 27
[ 2000/ 8544 ( 23%)]  Loss: 0.0761  Acc: 1944.0/ 2000
[ 4000/ 8544 ( 47%)]  Loss: 0.0108  Acc: 1976.0/ 2000
[ 6000/ 8544 ( 70%)]  Loss: 0.0586  Acc: 1977.0/ 2000
[ 8000/ 8544 ( 94%)]  Loss: 0.0069  Acc: 1986.0/ 2000

Average test loss: 3.8231  Accuracy:  855/ 2210 (38.69%)

Epoch: 28
[ 2000/ 8544 ( 23%)]  Loss: 0.0026  Acc: 1993.0/ 2000
[ 4000/ 8544 ( 47%)]  Loss: 0.0007  Acc: 1994.0/ 2000
[ 6000/ 8544 ( 70%)]  Loss: 0.0022  Acc: 1988.0/ 2000
[ 8000/ 8544 ( 94%)]  Loss: 0.0669  Acc: 1984.0/ 2000

Average test loss: 3.9687  Accuracy:  990/ 2210 (44.80%)

Epoch: 29
[ 2000/ 8544 ( 23%)]  Loss: 0.0379  Acc: 1985.0/ 2000
[ 4000/ 8544 ( 47%)]  Loss: 0.0395  Acc: 1988.0/ 2000
[ 6000/ 8544 ( 70%)]  Loss: 0.0072  Acc: 1984.0/ 2000
[ 8000/ 8544 ( 94%)]  Loss: 0.0120  Acc: 1986.0/ 2000

Average test loss: 3.6841  Accuracy:  990/ 2210 (44.80%)

Epoch: 30
[ 2000/ 8544 ( 23%)]  Loss: 0.0535  Acc: 1979.0/ 2000
[ 4000/ 8544 ( 47%)]  Loss: 0.0240  Acc: 1978.0/ 2000
[ 6000/ 8544 ( 70%)]  Loss: 0.0005  Acc: 1991.0/ 2000
[ 8000/ 8544 ( 94%)]  Loss: 0.1084  Acc: 1985.0/ 2000

Average test loss: 3.9713  Accuracy: 1035/ 2210 (46.83%)

Epoch: 31
[ 2000/ 8544 ( 23%)]  Loss: 0.0185  Acc: 1988.0/ 2000
[ 4000/ 8544 ( 47%)]  Loss: 0.0060  Acc: 1989.0/ 2000
[ 6000/ 8544 ( 70%)]  Loss: 0.0014  Acc: 1967.0/ 2000
[ 8000/ 8544 ( 94%)]  Loss: 0.0072  Acc: 1985.0/ 2000

Average test loss: 3.8223  Accuracy:  990/ 2210 (44.80%)

Epoch: 32
[ 2000/ 8544 ( 23%)]  Loss: 0.0089  Acc: 1985.0/ 2000
[ 4000/ 8544 ( 47%)]  Loss: 0.0038  Acc: 1990.0/ 2000
[ 6000/ 8544 ( 70%)]  Loss: 0.0549  Acc: 1984.0/ 2000
[ 8000/ 8544 ( 94%)]  Loss: 0.1552  Acc: 1975.0/ 2000

Average test loss: 4.2222  Accuracy:  945/ 2210 (42.76%)

Epoch: 33
[ 2000/ 8544 ( 23%)]  Loss: 0.0214  Acc: 1989.0/ 2000
[ 4000/ 8544 ( 47%)]  Loss: 0.0074  Acc: 1985.0/ 2000
[ 6000/ 8544 ( 70%)]  Loss: 0.0111  Acc: 1980.0/ 2000
[ 8000/ 8544 ( 94%)]  Loss: 0.0025  Acc: 1996.0/ 2000

Average test loss: 3.9595  Accuracy:  945/ 2210 (42.76%)

Epoch: 34
[ 2000/ 8544 ( 23%)]  Loss: 0.0144  Acc: 1994.0/ 2000
[ 4000/ 8544 ( 47%)]  Loss: 0.0006  Acc: 1994.0/ 2000
[ 6000/ 8544 ( 70%)]  Loss: 0.0056  Acc: 1992.0/ 2000
[ 8000/ 8544 ( 94%)]  Loss: 0.0738  Acc: 1958.0/ 2000

Average test loss: 4.6784  Accuracy:  990/ 2210 (44.80%)

Epoch: 35
[ 2000/ 8544 ( 23%)]  Loss: 0.2154  Acc: 1948.0/ 2000
[ 4000/ 8544 ( 47%)]  Loss: 0.1992  Acc: 1966.0/ 2000
[ 6000/ 8544 ( 70%)]  Loss: 0.0094  Acc: 1970.0/ 2000
[ 8000/ 8544 ( 94%)]  Loss: 0.1925  Acc: 1982.0/ 2000

Average test loss: 3.3982  Accuracy:  855/ 2210 (38.69%)

Epoch: 36
[ 2000/ 8544 ( 23%)]  Loss: 0.0026  Acc: 1982.0/ 2000
[ 4000/ 8544 ( 47%)]  Loss: 0.0778  Acc: 1981.0/ 2000
[ 6000/ 8544 ( 70%)]  Loss: 0.0014  Acc: 1985.0/ 2000
[ 8000/ 8544 ( 94%)]  Loss: 0.0004  Acc: 1993.0/ 2000

Average test loss: 4.3275  Accuracy:  855/ 2210 (38.69%)

Epoch: 37
[ 2000/ 8544 ( 23%)]  Loss: 0.0002  Acc: 1995.0/ 2000
[ 4000/ 8544 ( 47%)]  Loss: 0.0052  Acc: 1993.0/ 2000
[ 6000/ 8544 ( 70%)]  Loss: 0.0039  Acc: 1998.0/ 2000
[ 8000/ 8544 ( 94%)]  Loss: 0.0037  Acc: 1999.0/ 2000

Average test loss: 4.0012  Accuracy:  945/ 2210 (42.76%)

Epoch: 38
[ 2000/ 8544 ( 23%)]  Loss: 0.0005  Acc: 1991.0/ 2000
[ 4000/ 8544 ( 47%)]  Loss: 0.0010  Acc: 1997.0/ 2000
[ 6000/ 8544 ( 70%)]  Loss: 0.0361  Acc: 1991.0/ 2000
[ 8000/ 8544 ( 94%)]  Loss: 0.1197  Acc: 1981.0/ 2000

Average test loss: 5.3960  Accuracy:  765/ 2210 (34.62%)

Epoch: 39
[ 2000/ 8544 ( 23%)]  Loss: 0.0109  Acc: 1988.0/ 2000
[ 4000/ 8544 ( 47%)]  Loss: 0.0171  Acc: 1978.0/ 2000
[ 6000/ 8544 ( 70%)]  Loss: 0.0371  Acc: 1897.0/ 2000
[ 8000/ 8544 ( 94%)]  Loss: 0.0294  Acc: 1921.0/ 2000

Average test loss: 3.7864  Accuracy:  855/ 2210 (38.69%)

Epoch: 40
[ 2000/ 8544 ( 23%)]  Loss: 0.0196  Acc: 1964.0/ 2000
[ 4000/ 8544 ( 47%)]  Loss: 0.0139  Acc: 1985.0/ 2000
[ 6000/ 8544 ( 70%)]  Loss: 0.1213  Acc: 1983.0/ 2000
[ 8000/ 8544 ( 94%)]  Loss: 0.0138  Acc: 1990.0/ 2000

Average test loss: 3.2086  Accuracy:  900/ 2210 (40.72%)

Epoch: 41
[ 2000/ 8544 ( 23%)]  Loss: 0.0019  Acc: 1995.0/ 2000
[ 4000/ 8544 ( 47%)]  Loss: 0.0029  Acc: 1991.0/ 2000
[ 6000/ 8544 ( 70%)]  Loss: 0.0034  Acc: 1993.0/ 2000
[ 8000/ 8544 ( 94%)]  Loss: 0.0007  Acc: 1996.0/ 2000

Average test loss: 3.2044  Accuracy:  900/ 2210 (40.72%)

Epoch: 42
[ 2000/ 8544 ( 23%)]  Loss: 0.0143  Acc: 1996.0/ 2000
[ 4000/ 8544 ( 47%)]  Loss: 0.0022  Acc: 1998.0/ 2000
[ 6000/ 8544 ( 70%)]  Loss: 0.0003  Acc: 1998.0/ 2000
[ 8000/ 8544 ( 94%)]  Loss: 0.0005  Acc: 1996.0/ 2000

Average test loss: 3.5470  Accuracy: 1125/ 2210 (50.90%)

Epoch: 43
[ 2000/ 8544 ( 23%)]  Loss: 0.0031  Acc: 1979.0/ 2000
[ 4000/ 8544 ( 47%)]  Loss: 0.0294  Acc: 1990.0/ 2000
[ 6000/ 8544 ( 70%)]  Loss: 0.0031  Acc: 1996.0/ 2000
[ 8000/ 8544 ( 94%)]  Loss: 0.0033  Acc: 1994.0/ 2000

Average test loss: 3.3733  Accuracy: 1035/ 2210 (46.83%)

Epoch: 44
[ 2000/ 8544 ( 23%)]  Loss: 0.0038  Acc: 1993.0/ 2000
[ 4000/ 8544 ( 47%)]  Loss: 0.0011  Acc: 1990.0/ 2000
[ 6000/ 8544 ( 70%)]  Loss: 0.0008  Acc: 1996.0/ 2000
[ 8000/ 8544 ( 94%)]  Loss: 0.0019  Acc: 1994.0/ 2000

Average test loss: 3.7085  Accuracy: 1080/ 2210 (48.87%)

Epoch: 45
[ 2000/ 8544 ( 23%)]  Loss: 0.0008  Acc: 1999.0/ 2000
[ 4000/ 8544 ( 47%)]  Loss: 0.0018  Acc: 2000.0/ 2000
[ 6000/ 8544 ( 70%)]  Loss: 0.0003  Acc: 2000.0/ 2000
[ 8000/ 8544 ( 94%)]  Loss: 0.0011  Acc: 1998.0/ 2000

Average test loss: 3.0269  Accuracy: 1260/ 2210 (57.01%)

Epoch: 46
[ 2000/ 8544 ( 23%)]  Loss: 0.0144  Acc: 1989.0/ 2000
[ 4000/ 8544 ( 47%)]  Loss: 0.0029  Acc: 1986.0/ 2000
[ 6000/ 8544 ( 70%)]  Loss: 0.0020  Acc: 1992.0/ 2000
[ 8000/ 8544 ( 94%)]  Loss: 0.0023  Acc: 1995.0/ 2000

Average test loss: 3.4717  Accuracy:  945/ 2210 (42.76%)

Epoch: 47
[ 2000/ 8544 ( 23%)]  Loss: 0.0100  Acc: 1992.0/ 2000
[ 4000/ 8544 ( 47%)]  Loss: 0.0015  Acc: 1989.0/ 2000
[ 6000/ 8544 ( 70%)]  Loss: 0.0043  Acc: 1987.0/ 2000
[ 8000/ 8544 ( 94%)]  Loss: 0.1122  Acc: 1972.0/ 2000

Average test loss: 3.3168  Accuracy:  855/ 2210 (38.69%)

Epoch: 48
[ 2000/ 8544 ( 23%)]  Loss: 0.0423  Acc: 1965.0/ 2000
[ 4000/ 8544 ( 47%)]  Loss: 0.0162  Acc: 1987.0/ 2000
[ 6000/ 8544 ( 70%)]  Loss: 0.0003  Acc: 1992.0/ 2000
[ 8000/ 8544 ( 94%)]  Loss: 0.0084  Acc: 1986.0/ 2000

Average test loss: 4.0036  Accuracy:  900/ 2210 (40.72%)

Epoch: 49
[ 2000/ 8544 ( 23%)]  Loss: 0.0005  Acc: 1991.0/ 2000
[ 4000/ 8544 ( 47%)]  Loss: 0.0004  Acc: 1997.0/ 2000
[ 6000/ 8544 ( 70%)]  Loss: 0.0002  Acc: 1998.0/ 2000
[ 8000/ 8544 ( 94%)]  Loss: 0.0005  Acc: 1996.0/ 2000

Average test loss: 3.4405  Accuracy:  990/ 2210 (44.80%)

Epoch: 50
[ 2000/ 8544 ( 23%)]  Loss: 0.0002  Acc: 2000.0/ 2000
[ 4000/ 8544 ( 47%)]  Loss: 0.0002  Acc: 1993.0/ 2000
[ 6000/ 8544 ( 70%)]  Loss: 0.4918  Acc: 1967.0/ 2000
[ 8000/ 8544 ( 94%)]  Loss: 0.1559  Acc: 1916.0/ 2000

Average test loss: 4.0818  Accuracy:  855/ 2210 (38.69%)

Execution time: 770.86 seconds
Epoch: 1
[ 2000/ 8544 ( 23%)]  Loss: 1.5241  Acc: 599.0/ 2000
[ 4000/ 8544 ( 47%)]  Loss: 1.4350  Acc: 770.0/ 2000
[ 6000/ 8544 ( 70%)]  Loss: 1.3311  Acc: 832.0/ 2000
[ 8000/ 8544 ( 94%)]  Loss: 1.3896  Acc: 880.0/ 2000

Average test loss: 1.3909  Accuracy:  675/ 2210 (30.54%)

Epoch: 2
[ 2000/ 8544 ( 23%)]  Loss: 1.3497  Acc: 985.0/ 2000
[ 4000/ 8544 ( 47%)]  Loss: 1.3302  Acc: 1069.0/ 2000
[ 6000/ 8544 ( 70%)]  Loss: 1.1120  Acc: 1118.0/ 2000
[ 8000/ 8544 ( 94%)]  Loss: 0.8406  Acc: 1149.0/ 2000

Average test loss: 1.8145  Accuracy:  585/ 2210 (26.47%)

Epoch: 3
[ 2000/ 8544 ( 23%)]  Loss: 0.7969  Acc: 1295.0/ 2000
[ 4000/ 8544 ( 47%)]  Loss: 1.0591  Acc: 1370.0/ 2000
[ 6000/ 8544 ( 70%)]  Loss: 0.7932  Acc: 1385.0/ 2000
[ 8000/ 8544 ( 94%)]  Loss: 0.8434  Acc: 1449.0/ 2000

Average test loss: 1.8803  Accuracy:  720/ 2210 (32.58%)

Epoch: 4
[ 2000/ 8544 ( 23%)]  Loss: 0.5834  Acc: 1489.0/ 2000
[ 4000/ 8544 ( 47%)]  Loss: 0.5328  Acc: 1536.0/ 2000
[ 6000/ 8544 ( 70%)]  Loss: 0.5208  Acc: 1600.0/ 2000
[ 8000/ 8544 ( 94%)]  Loss: 0.4135  Acc: 1659.0/ 2000

Average test loss: 2.2856  Accuracy:  810/ 2210 (36.65%)

Epoch: 5
[ 2000/ 8544 ( 23%)]  Loss: 0.3610  Acc: 1716.0/ 2000
[ 4000/ 8544 ( 47%)]  Loss: 0.2170  Acc: 1716.0/ 2000
[ 6000/ 8544 ( 70%)]  Loss: 0.2985  Acc: 1742.0/ 2000
[ 8000/ 8544 ( 94%)]  Loss: 0.2519  Acc: 1762.0/ 2000

Average test loss: 2.5587  Accuracy:  720/ 2210 (32.58%)

Epoch: 6
[ 2000/ 8544 ( 23%)]  Loss: 0.6386  Acc: 1694.0/ 2000
[ 4000/ 8544 ( 47%)]  Loss: 0.2774  Acc: 1730.0/ 2000
[ 6000/ 8544 ( 70%)]  Loss: 0.1946  Acc: 1803.0/ 2000
[ 8000/ 8544 ( 94%)]  Loss: 0.2826  Acc: 1838.0/ 2000

Average test loss: 2.2577  Accuracy:  720/ 2210 (32.58%)

Epoch: 7
[ 2000/ 8544 ( 23%)]  Loss: 0.1392  Acc: 1861.0/ 2000
[ 4000/ 8544 ( 47%)]  Loss: 0.0427  Acc: 1870.0/ 2000
[ 6000/ 8544 ( 70%)]  Loss: 0.2008  Acc: 1894.0/ 2000
[ 8000/ 8544 ( 94%)]  Loss: 0.0915  Acc: 1897.0/ 2000

Average test loss: 2.4459  Accuracy:  810/ 2210 (36.65%)

Epoch: 8
[ 2000/ 8544 ( 23%)]  Loss: 0.0481  Acc: 1902.0/ 2000
[ 4000/ 8544 ( 47%)]  Loss: 0.1993  Acc: 1919.0/ 2000
[ 6000/ 8544 ( 70%)]  Loss: 0.1360  Acc: 1932.0/ 2000
[ 8000/ 8544 ( 94%)]  Loss: 0.1446  Acc: 1937.0/ 2000

Average test loss: 2.7292  Accuracy:  675/ 2210 (30.54%)

Epoch: 9
[ 2000/ 8544 ( 23%)]  Loss: 0.1235  Acc: 1941.0/ 2000
[ 4000/ 8544 ( 47%)]  Loss: 0.1440  Acc: 1937.0/ 2000
[ 6000/ 8544 ( 70%)]  Loss: 0.0149  Acc: 1952.0/ 2000
[ 8000/ 8544 ( 94%)]  Loss: 0.0070  Acc: 1941.0/ 2000

Average test loss: 3.1076  Accuracy:  720/ 2210 (32.58%)

Epoch: 10
[ 2000/ 8544 ( 23%)]  Loss: 0.0132  Acc: 1963.0/ 2000
[ 4000/ 8544 ( 47%)]  Loss: 0.0159  Acc: 1982.0/ 2000
[ 6000/ 8544 ( 70%)]  Loss: 0.1019  Acc: 1959.0/ 2000
[ 8000/ 8544 ( 94%)]  Loss: 0.0078  Acc: 1977.0/ 2000

Average test loss: 3.0344  Accuracy:  810/ 2210 (36.65%)

Epoch: 11
[ 2000/ 8544 ( 23%)]  Loss: 0.1685  Acc: 1969.0/ 2000
[ 4000/ 8544 ( 47%)]  Loss: 0.0143  Acc: 1965.0/ 2000
[ 6000/ 8544 ( 70%)]  Loss: 0.1769  Acc: 1966.0/ 2000
[ 8000/ 8544 ( 94%)]  Loss: 0.0059  Acc: 1981.0/ 2000

Average test loss: 3.3357  Accuracy:  765/ 2210 (34.62%)

Epoch: 12
[ 2000/ 8544 ( 23%)]  Loss: 0.0738  Acc: 1977.0/ 2000
[ 4000/ 8544 ( 47%)]  Loss: 0.0421  Acc: 1973.0/ 2000
[ 6000/ 8544 ( 70%)]  Loss: 0.0578  Acc: 1985.0/ 2000
[ 8000/ 8544 ( 94%)]  Loss: 0.0270  Acc: 1971.0/ 2000

Average test loss: 3.2588  Accuracy:  900/ 2210 (40.72%)

Epoch: 13
[ 2000/ 8544 ( 23%)]  Loss: 0.0159  Acc: 1964.0/ 2000
[ 4000/ 8544 ( 47%)]  Loss: 0.0028  Acc: 1985.0/ 2000
[ 6000/ 8544 ( 70%)]  Loss: 0.0187  Acc: 1980.0/ 2000
[ 8000/ 8544 ( 94%)]  Loss: 0.0031  Acc: 1981.0/ 2000

Average test loss: 3.2254  Accuracy:  900/ 2210 (40.72%)

Epoch: 14
[ 2000/ 8544 ( 23%)]  Loss: 0.1683  Acc: 1978.0/ 2000
[ 4000/ 8544 ( 47%)]  Loss: 0.0081  Acc: 1971.0/ 2000
[ 6000/ 8544 ( 70%)]  Loss: 0.0043  Acc: 1962.0/ 2000
[ 8000/ 8544 ( 94%)]  Loss: 0.0166  Acc: 1973.0/ 2000

Average test loss: 3.4483  Accuracy:  900/ 2210 (40.72%)

Epoch: 15
[ 2000/ 8544 ( 23%)]  Loss: 0.0138  Acc: 1968.0/ 2000
[ 4000/ 8544 ( 47%)]  Loss: 0.0790  Acc: 1952.0/ 2000
[ 6000/ 8544 ( 70%)]  Loss: 0.0431  Acc: 1959.0/ 2000
[ 8000/ 8544 ( 94%)]  Loss: 0.0041  Acc: 1978.0/ 2000

Average test loss: 3.2515  Accuracy:  855/ 2210 (38.69%)

Epoch: 16
[ 2000/ 8544 ( 23%)]  Loss: 0.1235  Acc: 1981.0/ 2000
[ 4000/ 8544 ( 47%)]  Loss: 0.0117  Acc: 1978.0/ 2000
[ 6000/ 8544 ( 70%)]  Loss: 0.0104  Acc: 1989.0/ 2000
[ 8000/ 8544 ( 94%)]  Loss: 0.0080  Acc: 1990.0/ 2000

Average test loss: 4.3254  Accuracy:  900/ 2210 (40.72%)

Epoch: 17
[ 2000/ 8544 ( 23%)]  Loss: 0.0115  Acc: 1975.0/ 2000
[ 4000/ 8544 ( 47%)]  Loss: 0.0025  Acc: 1984.0/ 2000
[ 6000/ 8544 ( 70%)]  Loss: 0.0071  Acc: 1982.0/ 2000
[ 8000/ 8544 ( 94%)]  Loss: 0.0235  Acc: 1983.0/ 2000

Average test loss: 3.7574  Accuracy:  855/ 2210 (38.69%)

Epoch: 18
[ 2000/ 8544 ( 23%)]  Loss: 0.0020  Acc: 1984.0/ 2000
[ 4000/ 8544 ( 47%)]  Loss: 0.0274  Acc: 1980.0/ 2000
[ 6000/ 8544 ( 70%)]  Loss: 0.0277  Acc: 1976.0/ 2000
[ 8000/ 8544 ( 94%)]  Loss: 0.0082  Acc: 1988.0/ 2000

Average test loss: 3.4688  Accuracy:  810/ 2210 (36.65%)

Epoch: 19
[ 2000/ 8544 ( 23%)]  Loss: 0.0080  Acc: 1991.0/ 2000
[ 4000/ 8544 ( 47%)]  Loss: 0.0766  Acc: 1982.0/ 2000
[ 6000/ 8544 ( 70%)]  Loss: 0.0287  Acc: 1989.0/ 2000
[ 8000/ 8544 ( 94%)]  Loss: 0.0521  Acc: 1983.0/ 2000

Average test loss: 3.9605  Accuracy:  945/ 2210 (42.76%)

Epoch: 20
[ 2000/ 8544 ( 23%)]  Loss: 0.0037  Acc: 1983.0/ 2000
[ 4000/ 8544 ( 47%)]  Loss: 0.0009  Acc: 1991.0/ 2000
[ 6000/ 8544 ( 70%)]  Loss: 0.0289  Acc: 1983.0/ 2000
[ 8000/ 8544 ( 94%)]  Loss: 0.0072  Acc: 1974.0/ 2000

Average test loss: 4.0279  Accuracy:  810/ 2210 (36.65%)

Epoch: 21
[ 2000/ 8544 ( 23%)]  Loss: 0.0041  Acc: 1975.0/ 2000
[ 4000/ 8544 ( 47%)]  Loss: 0.0115  Acc: 1980.0/ 2000
[ 6000/ 8544 ( 70%)]  Loss: 0.0060  Acc: 1980.0/ 2000
[ 8000/ 8544 ( 94%)]  Loss: 0.0069  Acc: 1990.0/ 2000

Average test loss: 3.3023  Accuracy:  945/ 2210 (42.76%)

Epoch: 22
[ 2000/ 8544 ( 23%)]  Loss: 0.0092  Acc: 1992.0/ 2000
[ 4000/ 8544 ( 47%)]  Loss: 0.0036  Acc: 1984.0/ 2000
[ 6000/ 8544 ( 70%)]  Loss: 0.0113  Acc: 1979.0/ 2000
[ 8000/ 8544 ( 94%)]  Loss: 0.0121  Acc: 1982.0/ 2000

Average test loss: 4.3146  Accuracy:  810/ 2210 (36.65%)

Epoch: 23
[ 2000/ 8544 ( 23%)]  Loss: 0.0030  Acc: 1983.0/ 2000
[ 4000/ 8544 ( 47%)]  Loss: 0.0372  Acc: 1978.0/ 2000
[ 6000/ 8544 ( 70%)]  Loss: 0.0257  Acc: 1976.0/ 2000
[ 8000/ 8544 ( 94%)]  Loss: 0.0141  Acc: 1974.0/ 2000

Average test loss: 3.9819  Accuracy:  810/ 2210 (36.65%)

Epoch: 24
[ 2000/ 8544 ( 23%)]  Loss: 0.2013  Acc: 1972.0/ 2000
[ 4000/ 8544 ( 47%)]  Loss: 0.0029  Acc: 1977.0/ 2000
[ 6000/ 8544 ( 70%)]  Loss: 0.0043  Acc: 1983.0/ 2000
[ 8000/ 8544 ( 94%)]  Loss: 0.0374  Acc: 1981.0/ 2000

Average test loss: 4.0730  Accuracy:  945/ 2210 (42.76%)

Epoch: 25
[ 2000/ 8544 ( 23%)]  Loss: 0.0380  Acc: 1985.0/ 2000
[ 4000/ 8544 ( 47%)]  Loss: 0.0052  Acc: 1988.0/ 2000
[ 6000/ 8544 ( 70%)]  Loss: 0.0983  Acc: 1988.0/ 2000
[ 8000/ 8544 ( 94%)]  Loss: 0.0151  Acc: 1995.0/ 2000

Average test loss: 4.3003  Accuracy:  945/ 2210 (42.76%)

Epoch: 26
[ 2000/ 8544 ( 23%)]  Loss: 0.0263  Acc: 1989.0/ 2000
[ 4000/ 8544 ( 47%)]  Loss: 0.0061  Acc: 1984.0/ 2000
[ 6000/ 8544 ( 70%)]  Loss: 0.0066  Acc: 1981.0/ 2000
[ 8000/ 8544 ( 94%)]  Loss: 0.0095  Acc: 1992.0/ 2000

Average test loss: 4.1299  Accuracy:  945/ 2210 (42.76%)

Epoch: 27
[ 2000/ 8544 ( 23%)]  Loss: 0.0091  Acc: 1995.0/ 2000
[ 4000/ 8544 ( 47%)]  Loss: 0.0007  Acc: 1997.0/ 2000
[ 6000/ 8544 ( 70%)]  Loss: 0.0013  Acc: 1994.0/ 2000
[ 8000/ 8544 ( 94%)]  Loss: 0.0007  Acc: 1997.0/ 2000

Average test loss: 4.6286  Accuracy:  765/ 2210 (34.62%)

Epoch: 28
[ 2000/ 8544 ( 23%)]  Loss: 0.0003  Acc: 1998.0/ 2000
[ 4000/ 8544 ( 47%)]  Loss: 0.0003  Acc: 1999.0/ 2000
[ 6000/ 8544 ( 70%)]  Loss: 0.0015  Acc: 1997.0/ 2000
[ 8000/ 8544 ( 94%)]  Loss: 0.0005  Acc: 1998.0/ 2000

Average test loss: 4.8857  Accuracy:  945/ 2210 (42.76%)

Epoch: 29
[ 2000/ 8544 ( 23%)]  Loss: 0.0005  Acc: 1997.0/ 2000
[ 4000/ 8544 ( 47%)]  Loss: 0.0024  Acc: 1997.0/ 2000
[ 6000/ 8544 ( 70%)]  Loss: 0.0008  Acc: 1997.0/ 2000
[ 8000/ 8544 ( 94%)]  Loss: 0.0071  Acc: 1997.0/ 2000

Average test loss: 4.4726  Accuracy: 1035/ 2210 (46.83%)

Epoch: 30
[ 2000/ 8544 ( 23%)]  Loss: 0.0012  Acc: 1997.0/ 2000
[ 4000/ 8544 ( 47%)]  Loss: 0.0003  Acc: 1995.0/ 2000
[ 6000/ 8544 ( 70%)]  Loss: 0.0044  Acc: 1990.0/ 2000
[ 8000/ 8544 ( 94%)]  Loss: 0.1278  Acc: 1976.0/ 2000

Average test loss: 4.3252  Accuracy: 1080/ 2210 (48.87%)

Epoch: 31
[ 2000/ 8544 ( 23%)]  Loss: 0.0068  Acc: 1965.0/ 2000
[ 4000/ 8544 ( 47%)]  Loss: 0.0012  Acc: 1974.0/ 2000
[ 6000/ 8544 ( 70%)]  Loss: 0.0349  Acc: 1986.0/ 2000
[ 8000/ 8544 ( 94%)]  Loss: 0.0235  Acc: 1979.0/ 2000

Average test loss: 4.6030  Accuracy:  630/ 2210 (28.51%)

Epoch: 32
[ 2000/ 8544 ( 23%)]  Loss: 0.0010  Acc: 1991.0/ 2000
[ 4000/ 8544 ( 47%)]  Loss: 0.0079  Acc: 1998.0/ 2000
[ 6000/ 8544 ( 70%)]  Loss: 0.1751  Acc: 1993.0/ 2000
[ 8000/ 8544 ( 94%)]  Loss: 0.0012  Acc: 1996.0/ 2000

Average test loss: 4.8755  Accuracy:  720/ 2210 (32.58%)

Epoch: 33
[ 2000/ 8544 ( 23%)]  Loss: 0.0034  Acc: 1989.0/ 2000
[ 4000/ 8544 ( 47%)]  Loss: 0.1632  Acc: 1968.0/ 2000
[ 6000/ 8544 ( 70%)]  Loss: 0.1247  Acc: 1956.0/ 2000
[ 8000/ 8544 ( 94%)]  Loss: 0.0743  Acc: 1959.0/ 2000

Average test loss: 4.2267  Accuracy:  720/ 2210 (32.58%)

Epoch: 34
[ 2000/ 8544 ( 23%)]  Loss: 0.0079  Acc: 1971.0/ 2000
[ 4000/ 8544 ( 47%)]  Loss: 0.0009  Acc: 1983.0/ 2000
[ 6000/ 8544 ( 70%)]  Loss: 0.0076  Acc: 1994.0/ 2000
[ 8000/ 8544 ( 94%)]  Loss: 0.0027  Acc: 1991.0/ 2000

Average test loss: 3.9782  Accuracy:  945/ 2210 (42.76%)

Epoch: 35
[ 2000/ 8544 ( 23%)]  Loss: 0.0032  Acc: 1992.0/ 2000
[ 4000/ 8544 ( 47%)]  Loss: 0.0049  Acc: 1987.0/ 2000
[ 6000/ 8544 ( 70%)]  Loss: 0.0111  Acc: 1992.0/ 2000
[ 8000/ 8544 ( 94%)]  Loss: 0.0999  Acc: 1986.0/ 2000

Average test loss: 4.4565  Accuracy:  855/ 2210 (38.69%)

Epoch: 36
[ 2000/ 8544 ( 23%)]  Loss: 0.0045  Acc: 1990.0/ 2000
[ 4000/ 8544 ( 47%)]  Loss: 0.0003  Acc: 1996.0/ 2000
[ 6000/ 8544 ( 70%)]  Loss: 0.0074  Acc: 1989.0/ 2000
[ 8000/ 8544 ( 94%)]  Loss: 0.0009  Acc: 1981.0/ 2000

Average test loss: 4.1602  Accuracy:  810/ 2210 (36.65%)

Epoch: 37
[ 2000/ 8544 ( 23%)]  Loss: 0.0006  Acc: 1993.0/ 2000
[ 4000/ 8544 ( 47%)]  Loss: 0.0023  Acc: 1992.0/ 2000
[ 6000/ 8544 ( 70%)]  Loss: 0.0022  Acc: 1995.0/ 2000
[ 8000/ 8544 ( 94%)]  Loss: 0.0004  Acc: 1990.0/ 2000

Average test loss: 4.8446  Accuracy:  720/ 2210 (32.58%)

Epoch: 38
[ 2000/ 8544 ( 23%)]  Loss: 0.0014  Acc: 1997.0/ 2000
[ 4000/ 8544 ( 47%)]  Loss: 0.0005  Acc: 2000.0/ 2000
[ 6000/ 8544 ( 70%)]  Loss: 0.0001  Acc: 1998.0/ 2000
[ 8000/ 8544 ( 94%)]  Loss: 0.0036  Acc: 1999.0/ 2000

Average test loss: 4.6684  Accuracy:  855/ 2210 (38.69%)

Epoch: 39
[ 2000/ 8544 ( 23%)]  Loss: 0.0001  Acc: 2000.0/ 2000
[ 4000/ 8544 ( 47%)]  Loss: 0.0001  Acc: 2000.0/ 2000
[ 6000/ 8544 ( 70%)]  Loss: 0.0004  Acc: 1999.0/ 2000
[ 8000/ 8544 ( 94%)]  Loss: 0.0002  Acc: 2000.0/ 2000

Average test loss: 4.5769  Accuracy:  855/ 2210 (38.69%)

Epoch: 40
[ 2000/ 8544 ( 23%)]  Loss: 0.0002  Acc: 2000.0/ 2000
[ 4000/ 8544 ( 47%)]  Loss: 0.0004  Acc: 2000.0/ 2000
[ 6000/ 8544 ( 70%)]  Loss: 0.0004  Acc: 2000.0/ 2000
[ 8000/ 8544 ( 94%)]  Loss: 0.0001  Acc: 2000.0/ 2000

Average test loss: 4.8598  Accuracy:  900/ 2210 (40.72%)

Epoch: 41
[ 2000/ 8544 ( 23%)]  Loss: 0.0001  Acc: 2000.0/ 2000
[ 4000/ 8544 ( 47%)]  Loss: 0.0004  Acc: 2000.0/ 2000
[ 6000/ 8544 ( 70%)]  Loss: 0.0001  Acc: 2000.0/ 2000
[ 8000/ 8544 ( 94%)]  Loss: 0.0002  Acc: 2000.0/ 2000

Average test loss: 4.9453  Accuracy:  900/ 2210 (40.72%)

Epoch: 42
[ 2000/ 8544 ( 23%)]  Loss: 0.0448  Acc: 1999.0/ 2000
[ 4000/ 8544 ( 47%)]  Loss: 0.0004  Acc: 2000.0/ 2000
[ 6000/ 8544 ( 70%)]  Loss: 0.0005  Acc: 1998.0/ 2000
[ 8000/ 8544 ( 94%)]  Loss: 0.0004  Acc: 1997.0/ 2000

Average test loss: 4.8394  Accuracy:  675/ 2210 (30.54%)

Epoch: 43
[ 2000/ 8544 ( 23%)]  Loss: 0.0002  Acc: 2000.0/ 2000
[ 4000/ 8544 ( 47%)]  Loss: 0.0001  Acc: 2000.0/ 2000
[ 6000/ 8544 ( 70%)]  Loss: 0.0001  Acc: 2000.0/ 2000
[ 8000/ 8544 ( 94%)]  Loss: 0.0001  Acc: 2000.0/ 2000

Average test loss: 4.8426  Accuracy:  900/ 2210 (40.72%)

Epoch: 44
[ 2000/ 8544 ( 23%)]  Loss: 0.0001  Acc: 2000.0/ 2000
[ 4000/ 8544 ( 47%)]  Loss: 0.0001  Acc: 2000.0/ 2000
[ 6000/ 8544 ( 70%)]  Loss: 0.0001  Acc: 2000.0/ 2000
[ 8000/ 8544 ( 94%)]  Loss: 0.0000  Acc: 2000.0/ 2000

Average test loss: 4.9100  Accuracy:  855/ 2210 (38.69%)

Epoch: 45
[ 2000/ 8544 ( 23%)]  Loss: 0.0001  Acc: 2000.0/ 2000
[ 4000/ 8544 ( 47%)]  Loss: 0.0001  Acc: 2000.0/ 2000
[ 6000/ 8544 ( 70%)]  Loss: 0.0001  Acc: 2000.0/ 2000
[ 8000/ 8544 ( 94%)]  Loss: 0.0001  Acc: 2000.0/ 2000

Average test loss: 4.9661  Accuracy:  810/ 2210 (36.65%)

Epoch: 46
[ 2000/ 8544 ( 23%)]  Loss: 0.0003  Acc: 2000.0/ 2000
[ 4000/ 8544 ( 47%)]  Loss: 0.0001  Acc: 2000.0/ 2000
[ 6000/ 8544 ( 70%)]  Loss: 0.0001  Acc: 2000.0/ 2000
[ 8000/ 8544 ( 94%)]  Loss: 0.0000  Acc: 2000.0/ 2000

Average test loss: 5.0128  Accuracy:  675/ 2210 (30.54%)

Epoch: 47
[ 2000/ 8544 ( 23%)]  Loss: 0.0000  Acc: 2000.0/ 2000
[ 4000/ 8544 ( 47%)]  Loss: 0.0001  Acc: 2000.0/ 2000
[ 6000/ 8544 ( 70%)]  Loss: 0.0001  Acc: 2000.0/ 2000
[ 8000/ 8544 ( 94%)]  Loss: 0.0000  Acc: 2000.0/ 2000

Average test loss: 5.0216  Accuracy:  855/ 2210 (38.69%)

Epoch: 48
[ 2000/ 8544 ( 23%)]  Loss: 0.0001  Acc: 2000.0/ 2000
[ 4000/ 8544 ( 47%)]  Loss: 0.0000  Acc: 2000.0/ 2000
[ 6000/ 8544 ( 70%)]  Loss: 0.0000  Acc: 2000.0/ 2000
[ 8000/ 8544 ( 94%)]  Loss: 0.0000  Acc: 2000.0/ 2000

Average test loss: 5.0491  Accuracy:  810/ 2210 (36.65%)

Epoch: 49
[ 2000/ 8544 ( 23%)]  Loss: 0.0001  Acc: 2000.0/ 2000
[ 4000/ 8544 ( 47%)]  Loss: 0.0000  Acc: 2000.0/ 2000
[ 6000/ 8544 ( 70%)]  Loss: 0.0001  Acc: 2000.0/ 2000
[ 8000/ 8544 ( 94%)]  Loss: 0.0000  Acc: 2000.0/ 2000

Average test loss: 5.0773  Accuracy:  675/ 2210 (30.54%)

Epoch: 50
[ 2000/ 8544 ( 23%)]  Loss: 0.0001  Acc: 2000.0/ 2000
[ 4000/ 8544 ( 47%)]  Loss: 0.0000  Acc: 2000.0/ 2000
[ 6000/ 8544 ( 70%)]  Loss: 0.0001  Acc: 2000.0/ 2000
[ 8000/ 8544 ( 94%)]  Loss: 0.0000  Acc: 2000.0/ 2000

Average test loss: 5.1107  Accuracy:  675/ 2210 (30.54%)

Execution time: 1005.27 seconds
Epoch: 1
[ 2000/ 8544 ( 23%)]  Loss: 1.5942  Acc: 516.0/ 2000
[ 4000/ 8544 ( 47%)]  Loss: 1.6008  Acc: 545.0/ 2000
[ 6000/ 8544 ( 70%)]  Loss: 1.4853  Acc: 592.0/ 2000
[ 8000/ 8544 ( 94%)]  Loss: 1.5103  Acc: 640.0/ 2000

Average test loss: 1.5977  Accuracy:  405/ 2210 (18.33%)

Epoch: 2
[ 2000/ 8544 ( 23%)]  Loss: 1.4113  Acc: 713.0/ 2000
[ 4000/ 8544 ( 47%)]  Loss: 1.3403  Acc: 762.0/ 2000
[ 6000/ 8544 ( 70%)]  Loss: 1.2527  Acc: 778.0/ 2000
[ 8000/ 8544 ( 94%)]  Loss: 1.1946  Acc: 845.0/ 2000

Average test loss: 1.5497  Accuracy:  765/ 2210 (34.62%)

Epoch: 3
[ 2000/ 8544 ( 23%)]  Loss: 1.6261  Acc: 822.0/ 2000
[ 4000/ 8544 ( 47%)]  Loss: 1.1054  Acc: 853.0/ 2000
[ 6000/ 8544 ( 70%)]  Loss: 1.4822  Acc: 917.0/ 2000
[ 8000/ 8544 ( 94%)]  Loss: 1.1756  Acc: 882.0/ 2000

Average test loss: 1.9560  Accuracy:  450/ 2210 (20.36%)

Epoch: 4
[ 2000/ 8544 ( 23%)]  Loss: 1.1992  Acc: 978.0/ 2000
[ 4000/ 8544 ( 47%)]  Loss: 1.0749  Acc: 1034.0/ 2000
[ 6000/ 8544 ( 70%)]  Loss: 0.8573  Acc: 1030.0/ 2000
[ 8000/ 8544 ( 94%)]  Loss: 1.0036  Acc: 1043.0/ 2000

Average test loss: 1.8915  Accuracy:  405/ 2210 (18.33%)

Epoch: 5
[ 2000/ 8544 ( 23%)]  Loss: 1.0880  Acc: 1086.0/ 2000
[ 4000/ 8544 ( 47%)]  Loss: 1.1026  Acc: 1112.0/ 2000
[ 6000/ 8544 ( 70%)]  Loss: 1.1372  Acc: 1148.0/ 2000
[ 8000/ 8544 ( 94%)]  Loss: 0.9164  Acc: 1136.0/ 2000

Average test loss: 2.1685  Accuracy:  675/ 2210 (30.54%)

Epoch: 6
[ 2000/ 8544 ( 23%)]  Loss: 0.9724  Acc: 1108.0/ 2000
[ 4000/ 8544 ( 47%)]  Loss: 0.9780  Acc: 1171.0/ 2000
[ 6000/ 8544 ( 70%)]  Loss: 1.0807  Acc: 974.0/ 2000
[ 8000/ 8544 ( 94%)]  Loss: 0.7859  Acc: 1169.0/ 2000

Average test loss: 2.6064  Accuracy:  630/ 2210 (28.51%)

Epoch: 7
[ 2000/ 8544 ( 23%)]  Loss: 0.8428  Acc: 1253.0/ 2000
[ 4000/ 8544 ( 47%)]  Loss: 1.0388  Acc: 1157.0/ 2000
[ 6000/ 8544 ( 70%)]  Loss: 0.8455  Acc: 1219.0/ 2000
[ 8000/ 8544 ( 94%)]  Loss: 0.9427  Acc: 1248.0/ 2000

Average test loss: 2.5168  Accuracy:  405/ 2210 (18.33%)

Epoch: 8
[ 2000/ 8544 ( 23%)]  Loss: 0.8237  Acc: 1302.0/ 2000
[ 4000/ 8544 ( 47%)]  Loss: 1.0168  Acc: 1257.0/ 2000
[ 6000/ 8544 ( 70%)]  Loss: 0.6832  Acc: 1245.0/ 2000
[ 8000/ 8544 ( 94%)]  Loss: 0.8656  Acc: 1299.0/ 2000

Average test loss: 2.3930  Accuracy:  675/ 2210 (30.54%)

Epoch: 9
[ 2000/ 8544 ( 23%)]  Loss: 0.8689  Acc: 1249.0/ 2000
[ 4000/ 8544 ( 47%)]  Loss: 0.8896  Acc: 1353.0/ 2000
[ 6000/ 8544 ( 70%)]  Loss: 0.8129  Acc: 1278.0/ 2000
[ 8000/ 8544 ( 94%)]  Loss: 0.7114  Acc: 1314.0/ 2000

Average test loss: 2.4715  Accuracy:  405/ 2210 (18.33%)

Epoch: 10
[ 2000/ 8544 ( 23%)]  Loss: 0.9031  Acc: 1342.0/ 2000
[ 4000/ 8544 ( 47%)]  Loss: 0.8155  Acc: 1350.0/ 2000
[ 6000/ 8544 ( 70%)]  Loss: 0.8423  Acc: 1376.0/ 2000
[ 8000/ 8544 ( 94%)]  Loss: 1.1679  Acc: 1339.0/ 2000

Average test loss: 2.8575  Accuracy:  360/ 2210 (16.29%)

Epoch: 11
[ 2000/ 8544 ( 23%)]  Loss: 0.5795  Acc: 1290.0/ 2000
[ 4000/ 8544 ( 47%)]  Loss: 0.8070  Acc: 1340.0/ 2000
[ 6000/ 8544 ( 70%)]  Loss: 0.9984  Acc: 1138.0/ 2000
[ 8000/ 8544 ( 94%)]  Loss: 0.8611  Acc: 1261.0/ 2000

Average test loss: 2.5113  Accuracy:  765/ 2210 (34.62%)

Epoch: 12
[ 2000/ 8544 ( 23%)]  Loss: 0.6509  Acc: 1286.0/ 2000
[ 4000/ 8544 ( 47%)]  Loss: 0.7654  Acc: 1318.0/ 2000
[ 6000/ 8544 ( 70%)]  Loss: 0.8225  Acc: 1375.0/ 2000
[ 8000/ 8544 ( 94%)]  Loss: 0.7442  Acc: 1294.0/ 2000

Average test loss: 2.9454  Accuracy:  765/ 2210 (34.62%)

Epoch: 13
[ 2000/ 8544 ( 23%)]  Loss: 0.5849  Acc: 1331.0/ 2000
[ 4000/ 8544 ( 47%)]  Loss: 0.7027  Acc: 1369.0/ 2000
[ 6000/ 8544 ( 70%)]  Loss: 0.8813  Acc: 1380.0/ 2000
[ 8000/ 8544 ( 94%)]  Loss: 0.4645  Acc: 1395.0/ 2000

Average test loss: 3.1303  Accuracy:  720/ 2210 (32.58%)

Epoch: 14
[ 2000/ 8544 ( 23%)]  Loss: 0.9522  Acc: 1430.0/ 2000
[ 4000/ 8544 ( 47%)]  Loss: 0.9103  Acc: 1331.0/ 2000
[ 6000/ 8544 ( 70%)]  Loss: 0.8378  Acc: 1362.0/ 2000
[ 8000/ 8544 ( 94%)]  Loss: 0.7053  Acc: 1329.0/ 2000

Average test loss: 3.1691  Accuracy:  540/ 2210 (24.43%)

Epoch: 15
[ 2000/ 8544 ( 23%)]  Loss: 0.7712  Acc: 1356.0/ 2000
[ 4000/ 8544 ( 47%)]  Loss: 0.6601  Acc: 1363.0/ 2000
[ 6000/ 8544 ( 70%)]  Loss: 0.7406  Acc: 1299.0/ 2000
[ 8000/ 8544 ( 94%)]  Loss: 0.7644  Acc: 1415.0/ 2000

Average test loss: 3.3822  Accuracy:  630/ 2210 (28.51%)

Epoch: 16
[ 2000/ 8544 ( 23%)]  Loss: 0.7547  Acc: 1427.0/ 2000
[ 4000/ 8544 ( 47%)]  Loss: 0.7390  Acc: 1437.0/ 2000
[ 6000/ 8544 ( 70%)]  Loss: 0.6297  Acc: 1437.0/ 2000
[ 8000/ 8544 ( 94%)]  Loss: 0.5078  Acc: 1501.0/ 2000

Average test loss: 3.3540  Accuracy:  765/ 2210 (34.62%)

Epoch: 17
[ 2000/ 8544 ( 23%)]  Loss: 0.6908  Acc: 1425.0/ 2000
[ 4000/ 8544 ( 47%)]  Loss: 0.6632  Acc: 1468.0/ 2000
[ 6000/ 8544 ( 70%)]  Loss: 0.5651  Acc: 1456.0/ 2000
[ 8000/ 8544 ( 94%)]  Loss: 0.9084  Acc: 1512.0/ 2000

Average test loss: 3.3711  Accuracy:  720/ 2210 (32.58%)

Epoch: 18
[ 2000/ 8544 ( 23%)]  Loss: 0.7714  Acc: 1494.0/ 2000
[ 4000/ 8544 ( 47%)]  Loss: 0.7020  Acc: 1495.0/ 2000
[ 6000/ 8544 ( 70%)]  Loss: 0.8882  Acc: 1423.0/ 2000
[ 8000/ 8544 ( 94%)]  Loss: 0.4744  Acc: 1466.0/ 2000

Average test loss: 3.1168  Accuracy:  540/ 2210 (24.43%)

Epoch: 19
[ 2000/ 8544 ( 23%)]  Loss: 0.4479  Acc: 1490.0/ 2000
[ 4000/ 8544 ( 47%)]  Loss: 0.6981  Acc: 1430.0/ 2000
[ 6000/ 8544 ( 70%)]  Loss: 0.4119  Acc: 1510.0/ 2000
[ 8000/ 8544 ( 94%)]  Loss: 0.6964  Acc: 1478.0/ 2000

Average test loss: 3.4154  Accuracy:  585/ 2210 (26.47%)

Epoch: 20
[ 2000/ 8544 ( 23%)]  Loss: 0.4920  Acc: 1488.0/ 2000
[ 4000/ 8544 ( 47%)]  Loss: 0.5841  Acc: 1538.0/ 2000
[ 6000/ 8544 ( 70%)]  Loss: 0.6520  Acc: 1503.0/ 2000
[ 8000/ 8544 ( 94%)]  Loss: 0.5498  Acc: 1557.0/ 2000

Average test loss: 4.2275  Accuracy:  495/ 2210 (22.40%)

Epoch: 21
[ 2000/ 8544 ( 23%)]  Loss: 0.8798  Acc: 1540.0/ 2000
[ 4000/ 8544 ( 47%)]  Loss: 0.4676  Acc: 1551.0/ 2000
[ 6000/ 8544 ( 70%)]  Loss: 0.6336  Acc: 1457.0/ 2000
[ 8000/ 8544 ( 94%)]  Loss: 0.7145  Acc: 1511.0/ 2000

Average test loss: 3.4349  Accuracy:  540/ 2210 (24.43%)

Epoch: 22
[ 2000/ 8544 ( 23%)]  Loss: 0.7365  Acc: 1524.0/ 2000
[ 4000/ 8544 ( 47%)]  Loss: 0.4614  Acc: 1473.0/ 2000
[ 6000/ 8544 ( 70%)]  Loss: 0.8365  Acc: 1490.0/ 2000
[ 8000/ 8544 ( 94%)]  Loss: 0.7032  Acc: 1531.0/ 2000

Average test loss: 3.3535  Accuracy:  450/ 2210 (20.36%)

Epoch: 23
[ 2000/ 8544 ( 23%)]  Loss: 0.5080  Acc: 1554.0/ 2000
[ 4000/ 8544 ( 47%)]  Loss: 0.8003  Acc: 1500.0/ 2000
[ 6000/ 8544 ( 70%)]  Loss: 0.4175  Acc: 1515.0/ 2000
[ 8000/ 8544 ( 94%)]  Loss: 0.5043  Acc: 1524.0/ 2000

Average test loss: 3.0175  Accuracy:  855/ 2210 (38.69%)

Epoch: 24
[ 2000/ 8544 ( 23%)]  Loss: 0.8116  Acc: 1508.0/ 2000
[ 4000/ 8544 ( 47%)]  Loss: 0.6998  Acc: 1549.0/ 2000
[ 6000/ 8544 ( 70%)]  Loss: 0.5143  Acc: 1582.0/ 2000
[ 8000/ 8544 ( 94%)]  Loss: 0.5632  Acc: 1592.0/ 2000

Average test loss: 3.6394  Accuracy:  630/ 2210 (28.51%)

Epoch: 25
[ 2000/ 8544 ( 23%)]  Loss: 0.7389  Acc: 1587.0/ 2000
[ 4000/ 8544 ( 47%)]  Loss: 0.5950  Acc: 1591.0/ 2000
[ 6000/ 8544 ( 70%)]  Loss: 0.5806  Acc: 1509.0/ 2000
[ 8000/ 8544 ( 94%)]  Loss: 0.6123  Acc: 1590.0/ 2000

Average test loss: 3.7195  Accuracy:  630/ 2210 (28.51%)

Epoch: 26
[ 2000/ 8544 ( 23%)]  Loss: 0.6151  Acc: 1664.0/ 2000
[ 4000/ 8544 ( 47%)]  Loss: 0.4942  Acc: 1630.0/ 2000
[ 6000/ 8544 ( 70%)]  Loss: 0.4634  Acc: 1588.0/ 2000
[ 8000/ 8544 ( 94%)]  Loss: 0.7453  Acc: 1645.0/ 2000

Average test loss: 3.5900  Accuracy:  540/ 2210 (24.43%)

Epoch: 27
[ 2000/ 8544 ( 23%)]  Loss: 0.3521  Acc: 1688.0/ 2000
[ 4000/ 8544 ( 47%)]  Loss: 0.7739  Acc: 1636.0/ 2000
[ 6000/ 8544 ( 70%)]  Loss: 0.3407  Acc: 1558.0/ 2000
[ 8000/ 8544 ( 94%)]  Loss: 0.5172  Acc: 1650.0/ 2000

Average test loss: 3.8929  Accuracy:  630/ 2210 (28.51%)

Epoch: 28
[ 2000/ 8544 ( 23%)]  Loss: 0.4717  Acc: 1592.0/ 2000
[ 4000/ 8544 ( 47%)]  Loss: 0.5736  Acc: 1623.0/ 2000
[ 6000/ 8544 ( 70%)]  Loss: 0.3280  Acc: 1618.0/ 2000
[ 8000/ 8544 ( 94%)]  Loss: 0.3895  Acc: 1617.0/ 2000

Average test loss: 3.4674  Accuracy:  675/ 2210 (30.54%)

Epoch: 29
[ 2000/ 8544 ( 23%)]  Loss: 0.4195  Acc: 1608.0/ 2000
[ 4000/ 8544 ( 47%)]  Loss: 0.5163  Acc: 1506.0/ 2000
[ 6000/ 8544 ( 70%)]  Loss: 0.9123  Acc: 1584.0/ 2000
[ 8000/ 8544 ( 94%)]  Loss: 0.4878  Acc: 1571.0/ 2000

Average test loss: 3.0258  Accuracy:  540/ 2210 (24.43%)

Epoch: 30
[ 2000/ 8544 ( 23%)]  Loss: 0.5775  Acc: 1616.0/ 2000
[ 4000/ 8544 ( 47%)]  Loss: 0.3473  Acc: 1655.0/ 2000
[ 6000/ 8544 ( 70%)]  Loss: 0.6549  Acc: 1619.0/ 2000
[ 8000/ 8544 ( 94%)]  Loss: 0.5957  Acc: 1631.0/ 2000

Average test loss: 3.0504  Accuracy:  855/ 2210 (38.69%)

Epoch: 31
[ 2000/ 8544 ( 23%)]  Loss: 0.5854  Acc: 1644.0/ 2000
[ 4000/ 8544 ( 47%)]  Loss: 0.3771  Acc: 1664.0/ 2000
[ 6000/ 8544 ( 70%)]  Loss: 0.4094  Acc: 1644.0/ 2000
[ 8000/ 8544 ( 94%)]  Loss: 0.5392  Acc: 1700.0/ 2000

Average test loss: 3.6428  Accuracy:  585/ 2210 (26.47%)

Epoch: 32
[ 2000/ 8544 ( 23%)]  Loss: 0.4905  Acc: 1679.0/ 2000
[ 4000/ 8544 ( 47%)]  Loss: 0.2618  Acc: 1677.0/ 2000
[ 6000/ 8544 ( 70%)]  Loss: 0.6639  Acc: 1526.0/ 2000
[ 8000/ 8544 ( 94%)]  Loss: 0.4939  Acc: 1564.0/ 2000

Average test loss: 2.9336  Accuracy:  855/ 2210 (38.69%)

Epoch: 33
[ 2000/ 8544 ( 23%)]  Loss: 0.8480  Acc: 1647.0/ 2000
[ 4000/ 8544 ( 47%)]  Loss: 0.4199  Acc: 1600.0/ 2000
[ 6000/ 8544 ( 70%)]  Loss: 0.4528  Acc: 1661.0/ 2000
[ 8000/ 8544 ( 94%)]  Loss: 0.5883  Acc: 1648.0/ 2000

Average test loss: 2.7149  Accuracy:  675/ 2210 (30.54%)

Epoch: 34
[ 2000/ 8544 ( 23%)]  Loss: 0.5958  Acc: 1645.0/ 2000
[ 4000/ 8544 ( 47%)]  Loss: 0.5142  Acc: 1666.0/ 2000
[ 6000/ 8544 ( 70%)]  Loss: 0.3233  Acc: 1703.0/ 2000
[ 8000/ 8544 ( 94%)]  Loss: 0.5159  Acc: 1703.0/ 2000

Average test loss: 3.2085  Accuracy:  630/ 2210 (28.51%)

Epoch: 35
[ 2000/ 8544 ( 23%)]  Loss: 0.3176  Acc: 1689.0/ 2000
[ 4000/ 8544 ( 47%)]  Loss: 0.4656  Acc: 1648.0/ 2000
[ 6000/ 8544 ( 70%)]  Loss: 0.3810  Acc: 1584.0/ 2000
[ 8000/ 8544 ( 94%)]  Loss: 0.4334  Acc: 1670.0/ 2000

Average test loss: 3.0935  Accuracy:  900/ 2210 (40.72%)

Epoch: 36
[ 2000/ 8544 ( 23%)]  Loss: 0.7331  Acc: 1683.0/ 2000
[ 4000/ 8544 ( 47%)]  Loss: 0.2194  Acc: 1672.0/ 2000
[ 6000/ 8544 ( 70%)]  Loss: 0.3962  Acc: 1685.0/ 2000
[ 8000/ 8544 ( 94%)]  Loss: 0.3304  Acc: 1719.0/ 2000

Average test loss: 3.5126  Accuracy:  810/ 2210 (36.65%)

Epoch: 37
[ 2000/ 8544 ( 23%)]  Loss: 0.7260  Acc: 1620.0/ 2000
[ 4000/ 8544 ( 47%)]  Loss: 0.2036  Acc: 1621.0/ 2000
[ 6000/ 8544 ( 70%)]  Loss: 0.2882  Acc: 1722.0/ 2000
[ 8000/ 8544 ( 94%)]  Loss: 0.5069  Acc: 1675.0/ 2000

Average test loss: 3.9761  Accuracy:  765/ 2210 (34.62%)

Epoch: 38
[ 2000/ 8544 ( 23%)]  Loss: 0.4028  Acc: 1678.0/ 2000
[ 4000/ 8544 ( 47%)]  Loss: 0.4037  Acc: 1688.0/ 2000
[ 6000/ 8544 ( 70%)]  Loss: 0.2805  Acc: 1698.0/ 2000
[ 8000/ 8544 ( 94%)]  Loss: 0.4117  Acc: 1717.0/ 2000

Average test loss: 3.9992  Accuracy:  675/ 2210 (30.54%)

Epoch: 39
[ 2000/ 8544 ( 23%)]  Loss: 0.4740  Acc: 1721.0/ 2000
[ 4000/ 8544 ( 47%)]  Loss: 0.4815  Acc: 1707.0/ 2000
[ 6000/ 8544 ( 70%)]  Loss: 0.3491  Acc: 1704.0/ 2000
[ 8000/ 8544 ( 94%)]  Loss: 0.4997  Acc: 1700.0/ 2000

Average test loss: 4.1120  Accuracy:  585/ 2210 (26.47%)

Epoch: 40
[ 2000/ 8544 ( 23%)]  Loss: 0.5161  Acc: 1738.0/ 2000
[ 4000/ 8544 ( 47%)]  Loss: 0.2755  Acc: 1726.0/ 2000
[ 6000/ 8544 ( 70%)]  Loss: 0.2680  Acc: 1741.0/ 2000
[ 8000/ 8544 ( 94%)]  Loss: 0.6049  Acc: 1735.0/ 2000

Average test loss: 4.2637  Accuracy:  675/ 2210 (30.54%)

Epoch: 41
[ 2000/ 8544 ( 23%)]  Loss: 0.2975  Acc: 1741.0/ 2000
[ 4000/ 8544 ( 47%)]  Loss: 0.5703  Acc: 1778.0/ 2000
[ 6000/ 8544 ( 70%)]  Loss: 0.2240  Acc: 1697.0/ 2000
[ 8000/ 8544 ( 94%)]  Loss: 0.4255  Acc: 1748.0/ 2000

Average test loss: 3.4584  Accuracy:  765/ 2210 (34.62%)

Epoch: 42
[ 2000/ 8544 ( 23%)]  Loss: 0.4200  Acc: 1744.0/ 2000
[ 4000/ 8544 ( 47%)]  Loss: 0.4162  Acc: 1736.0/ 2000
[ 6000/ 8544 ( 70%)]  Loss: 0.2817  Acc: 1752.0/ 2000
[ 8000/ 8544 ( 94%)]  Loss: 0.1786  Acc: 1750.0/ 2000

Average test loss: 5.1488  Accuracy:  765/ 2210 (34.62%)

Epoch: 43
[ 2000/ 8544 ( 23%)]  Loss: 0.3913  Acc: 1765.0/ 2000
[ 4000/ 8544 ( 47%)]  Loss: 0.3345  Acc: 1779.0/ 2000
[ 6000/ 8544 ( 70%)]  Loss: 0.5523  Acc: 1672.0/ 2000
[ 8000/ 8544 ( 94%)]  Loss: 0.4633  Acc: 1689.0/ 2000

Average test loss: 4.7645  Accuracy:  810/ 2210 (36.65%)

Epoch: 44
[ 2000/ 8544 ( 23%)]  Loss: 0.5266  Acc: 1719.0/ 2000
[ 4000/ 8544 ( 47%)]  Loss: 0.4679  Acc: 1737.0/ 2000
[ 6000/ 8544 ( 70%)]  Loss: 0.4684  Acc: 1659.0/ 2000
[ 8000/ 8544 ( 94%)]  Loss: 0.3438  Acc: 1751.0/ 2000

Average test loss: 4.2568  Accuracy:  810/ 2210 (36.65%)

Epoch: 45
[ 2000/ 8544 ( 23%)]  Loss: 0.6340  Acc: 1735.0/ 2000
[ 4000/ 8544 ( 47%)]  Loss: 0.2150  Acc: 1762.0/ 2000
[ 6000/ 8544 ( 70%)]  Loss: 0.4828  Acc: 1724.0/ 2000
[ 8000/ 8544 ( 94%)]  Loss: 0.3045  Acc: 1757.0/ 2000

Average test loss: 5.0488  Accuracy:  585/ 2210 (26.47%)

Epoch: 46
[ 2000/ 8544 ( 23%)]  Loss: 0.3593  Acc: 1757.0/ 2000
[ 4000/ 8544 ( 47%)]  Loss: 0.5875  Acc: 1705.0/ 2000
[ 6000/ 8544 ( 70%)]  Loss: 0.5119  Acc: 1710.0/ 2000
[ 8000/ 8544 ( 94%)]  Loss: 0.3627  Acc: 1673.0/ 2000

Average test loss: 4.7593  Accuracy:  765/ 2210 (34.62%)

Epoch: 47
[ 2000/ 8544 ( 23%)]  Loss: 0.4158  Acc: 1767.0/ 2000
[ 4000/ 8544 ( 47%)]  Loss: 0.3003  Acc: 1782.0/ 2000
[ 6000/ 8544 ( 70%)]  Loss: 0.2854  Acc: 1706.0/ 2000
[ 8000/ 8544 ( 94%)]  Loss: 0.3641  Acc: 1663.0/ 2000

Average test loss: 3.6180  Accuracy:  675/ 2210 (30.54%)

Epoch: 48
[ 2000/ 8544 ( 23%)]  Loss: 0.4756  Acc: 1634.0/ 2000
[ 4000/ 8544 ( 47%)]  Loss: 0.2515  Acc: 1739.0/ 2000
[ 6000/ 8544 ( 70%)]  Loss: 0.3598  Acc: 1731.0/ 2000
[ 8000/ 8544 ( 94%)]  Loss: 0.3743  Acc: 1726.0/ 2000

Average test loss: 4.6428  Accuracy:  720/ 2210 (32.58%)

Epoch: 49
[ 2000/ 8544 ( 23%)]  Loss: 0.4857  Acc: 1724.0/ 2000
[ 4000/ 8544 ( 47%)]  Loss: 0.1713  Acc: 1747.0/ 2000
[ 6000/ 8544 ( 70%)]  Loss: 0.6449  Acc: 1602.0/ 2000
[ 8000/ 8544 ( 94%)]  Loss: 0.4367  Acc: 1599.0/ 2000

Average test loss: 4.5241  Accuracy:  720/ 2210 (32.58%)

Epoch: 50
[ 2000/ 8544 ( 23%)]  Loss: 0.4555  Acc: 1705.0/ 2000
[ 4000/ 8544 ( 47%)]  Loss: 0.7711  Acc: 1711.0/ 2000
[ 6000/ 8544 ( 70%)]  Loss: 0.4350  Acc: 1723.0/ 2000
[ 8000/ 8544 ( 94%)]  Loss: 0.2466  Acc: 1758.0/ 2000

Average test loss: 4.6936  Accuracy:  765/ 2210 (34.62%)

Execution time: 1275.90 seconds
Epoch: 1
[ 2000/ 8544 ( 23%)]  Loss: 1.4943  Acc: 585.0/ 2000
[ 4000/ 8544 ( 47%)]  Loss: 1.4175  Acc: 676.0/ 2000
[ 6000/ 8544 ( 70%)]  Loss: 1.6985  Acc: 658.0/ 2000
[ 8000/ 8544 ( 94%)]  Loss: 1.3130  Acc: 688.0/ 2000

Average test loss: 1.4242  Accuracy: 1125/ 2210 (50.90%)

Epoch: 2
[ 2000/ 8544 ( 23%)]  Loss: 1.5371  Acc: 824.0/ 2000
[ 4000/ 8544 ( 47%)]  Loss: 1.2971  Acc: 821.0/ 2000
[ 6000/ 8544 ( 70%)]  Loss: 1.3319  Acc: 878.0/ 2000
[ 8000/ 8544 ( 94%)]  Loss: 1.2960  Acc: 841.0/ 2000

Average test loss: 2.1978  Accuracy:  495/ 2210 (22.40%)

Epoch: 3
[ 2000/ 8544 ( 23%)]  Loss: 1.1167  Acc: 995.0/ 2000
[ 4000/ 8544 ( 47%)]  Loss: 1.2067  Acc: 998.0/ 2000
[ 6000/ 8544 ( 70%)]  Loss: 1.1115  Acc: 1054.0/ 2000
[ 8000/ 8544 ( 94%)]  Loss: 1.7644  Acc: 1026.0/ 2000

Average test loss: 2.4608  Accuracy:  315/ 2210 (14.25%)

Epoch: 4
[ 2000/ 8544 ( 23%)]  Loss: 1.2455  Acc: 1064.0/ 2000
[ 4000/ 8544 ( 47%)]  Loss: 1.0975  Acc: 1102.0/ 2000
[ 6000/ 8544 ( 70%)]  Loss: 1.2466  Acc: 1103.0/ 2000
[ 8000/ 8544 ( 94%)]  Loss: 0.9741  Acc: 1102.0/ 2000

Average test loss: 2.2849  Accuracy:  270/ 2210 (12.22%)

Epoch: 5
[ 2000/ 8544 ( 23%)]  Loss: 0.9922  Acc: 1151.0/ 2000
[ 4000/ 8544 ( 47%)]  Loss: 0.9565  Acc: 1198.0/ 2000
[ 6000/ 8544 ( 70%)]  Loss: 1.0824  Acc: 1173.0/ 2000
[ 8000/ 8544 ( 94%)]  Loss: 0.9852  Acc: 1209.0/ 2000

Average test loss: 2.9743  Accuracy:  540/ 2210 (24.43%)

Epoch: 6
[ 2000/ 8544 ( 23%)]  Loss: 0.8729  Acc: 1196.0/ 2000
[ 4000/ 8544 ( 47%)]  Loss: 1.0567  Acc: 1177.0/ 2000
[ 6000/ 8544 ( 70%)]  Loss: 0.8247  Acc: 1056.0/ 2000
[ 8000/ 8544 ( 94%)]  Loss: 0.7389  Acc: 1230.0/ 2000

Average test loss: 3.0737  Accuracy:  495/ 2210 (22.40%)

Epoch: 7
[ 2000/ 8544 ( 23%)]  Loss: 0.9229  Acc: 1216.0/ 2000
[ 4000/ 8544 ( 47%)]  Loss: 1.1327  Acc: 1161.0/ 2000
[ 6000/ 8544 ( 70%)]  Loss: 1.0541  Acc: 1106.0/ 2000
[ 8000/ 8544 ( 94%)]  Loss: 1.1075  Acc: 1031.0/ 2000

Average test loss: 3.2896  Accuracy:  315/ 2210 (14.25%)

Epoch: 8
[ 2000/ 8544 ( 23%)]  Loss: 0.9011  Acc: 1151.0/ 2000
[ 4000/ 8544 ( 47%)]  Loss: 1.0054  Acc: 1146.0/ 2000
[ 6000/ 8544 ( 70%)]  Loss: 0.7333  Acc: 1220.0/ 2000
[ 8000/ 8544 ( 94%)]  Loss: 0.7833  Acc: 1222.0/ 2000

Average test loss: 5.1115  Accuracy:  360/ 2210 (16.29%)

Epoch: 9
[ 2000/ 8544 ( 23%)]  Loss: 0.8369  Acc: 1300.0/ 2000
[ 4000/ 8544 ( 47%)]  Loss: 0.6912  Acc: 1289.0/ 2000
[ 6000/ 8544 ( 70%)]  Loss: 0.8251  Acc: 1284.0/ 2000
[ 8000/ 8544 ( 94%)]  Loss: 0.8862  Acc: 1342.0/ 2000

Average test loss: 4.1082  Accuracy:  540/ 2210 (24.43%)

Epoch: 10
[ 2000/ 8544 ( 23%)]  Loss: 1.0022  Acc: 1373.0/ 2000
[ 4000/ 8544 ( 47%)]  Loss: 0.5802  Acc: 1382.0/ 2000
[ 6000/ 8544 ( 70%)]  Loss: 0.6560  Acc: 1414.0/ 2000
[ 8000/ 8544 ( 94%)]  Loss: 0.9202  Acc: 1439.0/ 2000

Average test loss: 4.1534  Accuracy:  360/ 2210 (16.29%)

Epoch: 11
[ 2000/ 8544 ( 23%)]  Loss: 0.7834  Acc: 1462.0/ 2000
[ 4000/ 8544 ( 47%)]  Loss: 0.7017  Acc: 1435.0/ 2000
[ 6000/ 8544 ( 70%)]  Loss: 0.6502  Acc: 1464.0/ 2000
[ 8000/ 8544 ( 94%)]  Loss: 0.9177  Acc: 1501.0/ 2000

Average test loss: 4.2612  Accuracy:  675/ 2210 (30.54%)

Epoch: 12
[ 2000/ 8544 ( 23%)]  Loss: 0.6598  Acc: 1502.0/ 2000
[ 4000/ 8544 ( 47%)]  Loss: 0.7972  Acc: 1522.0/ 2000
[ 6000/ 8544 ( 70%)]  Loss: 0.6754  Acc: 1525.0/ 2000
[ 8000/ 8544 ( 94%)]  Loss: 0.5307  Acc: 1525.0/ 2000

Average test loss: 4.0791  Accuracy:  765/ 2210 (34.62%)

Epoch: 13
[ 2000/ 8544 ( 23%)]  Loss: 0.6381  Acc: 1549.0/ 2000
[ 4000/ 8544 ( 47%)]  Loss: 0.8223  Acc: 1534.0/ 2000
[ 6000/ 8544 ( 70%)]  Loss: 0.6237  Acc: 1449.0/ 2000
[ 8000/ 8544 ( 94%)]  Loss: 0.5082  Acc: 1558.0/ 2000

Average test loss: 4.5576  Accuracy:  630/ 2210 (28.51%)

Epoch: 14
[ 2000/ 8544 ( 23%)]  Loss: 0.3942  Acc: 1589.0/ 2000
[ 4000/ 8544 ( 47%)]  Loss: 0.8903  Acc: 1609.0/ 2000
[ 6000/ 8544 ( 70%)]  Loss: 0.6937  Acc: 1530.0/ 2000
[ 8000/ 8544 ( 94%)]  Loss: 0.6139  Acc: 1564.0/ 2000

Average test loss: 4.7263  Accuracy:  450/ 2210 (20.36%)

Epoch: 15
[ 2000/ 8544 ( 23%)]  Loss: 0.7338  Acc: 1618.0/ 2000
[ 4000/ 8544 ( 47%)]  Loss: 0.6602  Acc: 1592.0/ 2000
[ 6000/ 8544 ( 70%)]  Loss: 0.6672  Acc: 1618.0/ 2000
[ 8000/ 8544 ( 94%)]  Loss: 0.4458  Acc: 1629.0/ 2000

Average test loss: 4.8761  Accuracy:  630/ 2210 (28.51%)

Epoch: 16
[ 2000/ 8544 ( 23%)]  Loss: 0.5493  Acc: 1616.0/ 2000
[ 4000/ 8544 ( 47%)]  Loss: 0.6195  Acc: 1582.0/ 2000
[ 6000/ 8544 ( 70%)]  Loss: 0.9728  Acc: 1604.0/ 2000
[ 8000/ 8544 ( 94%)]  Loss: 0.1928  Acc: 1615.0/ 2000

Average test loss: 5.1912  Accuracy:  720/ 2210 (32.58%)

Epoch: 17
[ 2000/ 8544 ( 23%)]  Loss: 0.4881  Acc: 1689.0/ 2000
[ 4000/ 8544 ( 47%)]  Loss: 0.4296  Acc: 1624.0/ 2000
[ 6000/ 8544 ( 70%)]  Loss: 0.4284  Acc: 1637.0/ 2000
[ 8000/ 8544 ( 94%)]  Loss: 0.6720  Acc: 1359.0/ 2000

Average test loss: 6.6564  Accuracy:  405/ 2210 (18.33%)

Epoch: 18
[ 2000/ 8544 ( 23%)]  Loss: 0.4836  Acc: 1495.0/ 2000
[ 4000/ 8544 ( 47%)]  Loss: 0.4953  Acc: 1580.0/ 2000
[ 6000/ 8544 ( 70%)]  Loss: 0.3259  Acc: 1517.0/ 2000
[ 8000/ 8544 ( 94%)]  Loss: 0.3815  Acc: 1629.0/ 2000

Average test loss: 6.8799  Accuracy:  360/ 2210 (16.29%)

Epoch: 19
[ 2000/ 8544 ( 23%)]  Loss: 0.4900  Acc: 1639.0/ 2000
[ 4000/ 8544 ( 47%)]  Loss: 0.7314  Acc: 1610.0/ 2000
[ 6000/ 8544 ( 70%)]  Loss: 0.4808  Acc: 1610.0/ 2000
[ 8000/ 8544 ( 94%)]  Loss: 0.7108  Acc: 1640.0/ 2000

Average test loss: 5.4889  Accuracy:  585/ 2210 (26.47%)

Epoch: 20
[ 2000/ 8544 ( 23%)]  Loss: 0.4426  Acc: 1627.0/ 2000
[ 4000/ 8544 ( 47%)]  Loss: 0.6100  Acc: 1651.0/ 2000
[ 6000/ 8544 ( 70%)]  Loss: 0.5996  Acc: 1685.0/ 2000
[ 8000/ 8544 ( 94%)]  Loss: 0.4630  Acc: 1690.0/ 2000

Average test loss: 5.7119  Accuracy:  675/ 2210 (30.54%)

Epoch: 21
[ 2000/ 8544 ( 23%)]  Loss: 0.2356  Acc: 1737.0/ 2000
[ 4000/ 8544 ( 47%)]  Loss: 0.5117  Acc: 1767.0/ 2000
[ 6000/ 8544 ( 70%)]  Loss: 0.4270  Acc: 1707.0/ 2000
[ 8000/ 8544 ( 94%)]  Loss: 0.4580  Acc: 1739.0/ 2000

Average test loss: 6.1985  Accuracy:  675/ 2210 (30.54%)

Epoch: 22
[ 2000/ 8544 ( 23%)]  Loss: 0.3321  Acc: 1739.0/ 2000
[ 4000/ 8544 ( 47%)]  Loss: 0.3194  Acc: 1703.0/ 2000
[ 6000/ 8544 ( 70%)]  Loss: 0.4292  Acc: 1747.0/ 2000
[ 8000/ 8544 ( 94%)]  Loss: 0.3159  Acc: 1773.0/ 2000

Average test loss: 6.7183  Accuracy:  720/ 2210 (32.58%)

Epoch: 23
[ 2000/ 8544 ( 23%)]  Loss: 0.2661  Acc: 1755.0/ 2000
[ 4000/ 8544 ( 47%)]  Loss: 0.3537  Acc: 1757.0/ 2000
[ 6000/ 8544 ( 70%)]  Loss: 0.3365  Acc: 1743.0/ 2000
[ 8000/ 8544 ( 94%)]  Loss: 0.1645  Acc: 1752.0/ 2000

Average test loss: 6.2745  Accuracy:  765/ 2210 (34.62%)

Epoch: 24
[ 2000/ 8544 ( 23%)]  Loss: 0.2342  Acc: 1762.0/ 2000
[ 4000/ 8544 ( 47%)]  Loss: 0.5943  Acc: 1778.0/ 2000
[ 6000/ 8544 ( 70%)]  Loss: 0.2592  Acc: 1744.0/ 2000
[ 8000/ 8544 ( 94%)]  Loss: 0.3128  Acc: 1815.0/ 2000

Average test loss: 6.4231  Accuracy:  765/ 2210 (34.62%)

Epoch: 25
[ 2000/ 8544 ( 23%)]  Loss: 0.2394  Acc: 1760.0/ 2000
[ 4000/ 8544 ( 47%)]  Loss: 0.2092  Acc: 1733.0/ 2000
[ 6000/ 8544 ( 70%)]  Loss: 0.4281  Acc: 1769.0/ 2000
[ 8000/ 8544 ( 94%)]  Loss: 0.3357  Acc: 1765.0/ 2000

Average test loss: 5.4766  Accuracy:  855/ 2210 (38.69%)

Epoch: 26
[ 2000/ 8544 ( 23%)]  Loss: 0.2954  Acc: 1794.0/ 2000
[ 4000/ 8544 ( 47%)]  Loss: 0.2737  Acc: 1806.0/ 2000
[ 6000/ 8544 ( 70%)]  Loss: 0.3766  Acc: 1746.0/ 2000
[ 8000/ 8544 ( 94%)]  Loss: 0.5049  Acc: 1738.0/ 2000

Average test loss: 5.6521  Accuracy:  765/ 2210 (34.62%)

Epoch: 27
[ 2000/ 8544 ( 23%)]  Loss: 0.2943  Acc: 1783.0/ 2000
[ 4000/ 8544 ( 47%)]  Loss: 0.1962  Acc: 1793.0/ 2000
[ 6000/ 8544 ( 70%)]  Loss: 0.4178  Acc: 1786.0/ 2000
[ 8000/ 8544 ( 94%)]  Loss: 0.2334  Acc: 1813.0/ 2000

Average test loss: 5.4449  Accuracy:  945/ 2210 (42.76%)

Epoch: 28
[ 2000/ 8544 ( 23%)]  Loss: 0.4195  Acc: 1800.0/ 2000
[ 4000/ 8544 ( 47%)]  Loss: 0.3834  Acc: 1784.0/ 2000
[ 6000/ 8544 ( 70%)]  Loss: 0.3448  Acc: 1778.0/ 2000
[ 8000/ 8544 ( 94%)]  Loss: 0.3557  Acc: 1624.0/ 2000

Average test loss: 5.4342  Accuracy:  495/ 2210 (22.40%)

Epoch: 29
[ 2000/ 8544 ( 23%)]  Loss: 0.5002  Acc: 1631.0/ 2000
[ 4000/ 8544 ( 47%)]  Loss: 0.3289  Acc: 1680.0/ 2000
[ 6000/ 8544 ( 70%)]  Loss: 0.5299  Acc: 1661.0/ 2000
[ 8000/ 8544 ( 94%)]  Loss: 0.3864  Acc: 1735.0/ 2000

Average test loss: 7.1784  Accuracy:  675/ 2210 (30.54%)

Epoch: 30
[ 2000/ 8544 ( 23%)]  Loss: 0.3226  Acc: 1774.0/ 2000
[ 4000/ 8544 ( 47%)]  Loss: 0.3902  Acc: 1739.0/ 2000
[ 6000/ 8544 ( 70%)]  Loss: 0.2201  Acc: 1788.0/ 2000
[ 8000/ 8544 ( 94%)]  Loss: 0.1603  Acc: 1799.0/ 2000

Average test loss: 7.2847  Accuracy:  675/ 2210 (30.54%)

Epoch: 31
[ 2000/ 8544 ( 23%)]  Loss: 0.2214  Acc: 1813.0/ 2000
[ 4000/ 8544 ( 47%)]  Loss: 0.2160  Acc: 1796.0/ 2000
[ 6000/ 8544 ( 70%)]  Loss: 0.2693  Acc: 1781.0/ 2000
[ 8000/ 8544 ( 94%)]  Loss: 0.2675  Acc: 1796.0/ 2000

Average test loss: 7.0367  Accuracy:  855/ 2210 (38.69%)

Epoch: 32
[ 2000/ 8544 ( 23%)]  Loss: 0.4585  Acc: 1826.0/ 2000
[ 4000/ 8544 ( 47%)]  Loss: 0.3891  Acc: 1831.0/ 2000
[ 6000/ 8544 ( 70%)]  Loss: 0.1867  Acc: 1819.0/ 2000
[ 8000/ 8544 ( 94%)]  Loss: 0.1373  Acc: 1812.0/ 2000

Average test loss: 7.3133  Accuracy:  810/ 2210 (36.65%)

Epoch: 33
[ 2000/ 8544 ( 23%)]  Loss: 0.3109  Acc: 1794.0/ 2000
[ 4000/ 8544 ( 47%)]  Loss: 0.3271  Acc: 1812.0/ 2000
[ 6000/ 8544 ( 70%)]  Loss: 0.1767  Acc: 1848.0/ 2000
[ 8000/ 8544 ( 94%)]  Loss: 0.2984  Acc: 1841.0/ 2000

Average test loss: 7.7378  Accuracy:  765/ 2210 (34.62%)

Epoch: 34
[ 2000/ 8544 ( 23%)]  Loss: 0.3788  Acc: 1823.0/ 2000
[ 4000/ 8544 ( 47%)]  Loss: 0.2023  Acc: 1822.0/ 2000
[ 6000/ 8544 ( 70%)]  Loss: 0.1738  Acc: 1834.0/ 2000
[ 8000/ 8544 ( 94%)]  Loss: 0.3097  Acc: 1832.0/ 2000

Average test loss: 7.2448  Accuracy:  495/ 2210 (22.40%)

Epoch: 35
[ 2000/ 8544 ( 23%)]  Loss: 0.1221  Acc: 1844.0/ 2000
[ 4000/ 8544 ( 47%)]  Loss: 0.1877  Acc: 1839.0/ 2000
[ 6000/ 8544 ( 70%)]  Loss: 0.3031  Acc: 1797.0/ 2000
[ 8000/ 8544 ( 94%)]  Loss: 0.0632  Acc: 1823.0/ 2000

Average test loss: 6.8664  Accuracy:  720/ 2210 (32.58%)

Epoch: 36
[ 2000/ 8544 ( 23%)]  Loss: 0.3431  Acc: 1847.0/ 2000
[ 4000/ 8544 ( 47%)]  Loss: 0.4305  Acc: 1834.0/ 2000
[ 6000/ 8544 ( 70%)]  Loss: 0.2541  Acc: 1786.0/ 2000
[ 8000/ 8544 ( 94%)]  Loss: 0.3567  Acc: 1788.0/ 2000

Average test loss: 6.9425  Accuracy:  720/ 2210 (32.58%)

Epoch: 37
[ 2000/ 8544 ( 23%)]  Loss: 0.2826  Acc: 1854.0/ 2000
[ 4000/ 8544 ( 47%)]  Loss: 0.3212  Acc: 1792.0/ 2000
[ 6000/ 8544 ( 70%)]  Loss: 0.0795  Acc: 1870.0/ 2000
[ 8000/ 8544 ( 94%)]  Loss: 0.6927  Acc: 1647.0/ 2000

Average test loss: 4.8659  Accuracy:  900/ 2210 (40.72%)

Epoch: 38
[ 2000/ 8544 ( 23%)]  Loss: 0.5351  Acc: 1607.0/ 2000
[ 4000/ 8544 ( 47%)]  Loss: 1.0179  Acc: 1518.0/ 2000
[ 6000/ 8544 ( 70%)]  Loss: 0.5496  Acc: 1580.0/ 2000
[ 8000/ 8544 ( 94%)]  Loss: 0.5344  Acc: 1676.0/ 2000

Average test loss: 4.5344  Accuracy:  495/ 2210 (22.40%)

Epoch: 39
[ 2000/ 8544 ( 23%)]  Loss: 0.3379  Acc: 1721.0/ 2000
[ 4000/ 8544 ( 47%)]  Loss: 0.4194  Acc: 1767.0/ 2000
[ 6000/ 8544 ( 70%)]  Loss: 0.2011  Acc: 1810.0/ 2000
[ 8000/ 8544 ( 94%)]  Loss: 0.1555  Acc: 1790.0/ 2000

Average test loss: 6.3659  Accuracy:  765/ 2210 (34.62%)

Epoch: 40
[ 2000/ 8544 ( 23%)]  Loss: 0.2116  Acc: 1797.0/ 2000
[ 4000/ 8544 ( 47%)]  Loss: 0.3216  Acc: 1825.0/ 2000
[ 6000/ 8544 ( 70%)]  Loss: 0.3045  Acc: 1820.0/ 2000
[ 8000/ 8544 ( 94%)]  Loss: 0.3421  Acc: 1834.0/ 2000

Average test loss: 6.5042  Accuracy:  720/ 2210 (32.58%)

Epoch: 41
[ 2000/ 8544 ( 23%)]  Loss: 0.2896  Acc: 1851.0/ 2000
[ 4000/ 8544 ( 47%)]  Loss: 0.1508  Acc: 1842.0/ 2000
[ 6000/ 8544 ( 70%)]  Loss: 0.4309  Acc: 1626.0/ 2000
[ 8000/ 8544 ( 94%)]  Loss: 0.7346  Acc: 1614.0/ 2000

Average test loss: 4.4217  Accuracy:  945/ 2210 (42.76%)

Epoch: 42
[ 2000/ 8544 ( 23%)]  Loss: 0.3316  Acc: 1642.0/ 2000
[ 4000/ 8544 ( 47%)]  Loss: 0.1937  Acc: 1702.0/ 2000
[ 6000/ 8544 ( 70%)]  Loss: 0.4759  Acc: 1746.0/ 2000
[ 8000/ 8544 ( 94%)]  Loss: 0.3328  Acc: 1773.0/ 2000

Average test loss: 5.2315  Accuracy:  765/ 2210 (34.62%)

Epoch: 43
[ 2000/ 8544 ( 23%)]  Loss: 0.4309  Acc: 1790.0/ 2000
[ 4000/ 8544 ( 47%)]  Loss: 0.4298  Acc: 1782.0/ 2000
[ 6000/ 8544 ( 70%)]  Loss: 0.5597  Acc: 1747.0/ 2000
[ 8000/ 8544 ( 94%)]  Loss: 0.7756  Acc: 1527.0/ 2000

Average test loss: 4.1769  Accuracy:  855/ 2210 (38.69%)

Epoch: 44
[ 2000/ 8544 ( 23%)]  Loss: 0.5825  Acc: 1463.0/ 2000
[ 4000/ 8544 ( 47%)]  Loss: 0.7607  Acc: 1509.0/ 2000
[ 6000/ 8544 ( 70%)]  Loss: 0.5348  Acc: 1507.0/ 2000
[ 8000/ 8544 ( 94%)]  Loss: 0.6946  Acc: 1502.0/ 2000

Average test loss: 3.6303  Accuracy:  900/ 2210 (40.72%)

Epoch: 45
[ 2000/ 8544 ( 23%)]  Loss: 0.3713  Acc: 1534.0/ 2000
[ 4000/ 8544 ( 47%)]  Loss: 0.4513  Acc: 1571.0/ 2000
[ 6000/ 8544 ( 70%)]  Loss: 0.6456  Acc: 1556.0/ 2000
[ 8000/ 8544 ( 94%)]  Loss: 0.6126  Acc: 1575.0/ 2000

Average test loss: 3.9196  Accuracy:  810/ 2210 (36.65%)

Epoch: 46
[ 2000/ 8544 ( 23%)]  Loss: 0.6881  Acc: 1500.0/ 2000
[ 4000/ 8544 ( 47%)]  Loss: 0.6047  Acc: 1523.0/ 2000
[ 6000/ 8544 ( 70%)]  Loss: 0.7040  Acc: 1565.0/ 2000
[ 8000/ 8544 ( 94%)]  Loss: 0.6242  Acc: 1547.0/ 2000

Average test loss: 4.1222  Accuracy:  900/ 2210 (40.72%)

Epoch: 47
[ 2000/ 8544 ( 23%)]  Loss: 0.3958  Acc: 1623.0/ 2000
[ 4000/ 8544 ( 47%)]  Loss: 0.3758  Acc: 1638.0/ 2000
[ 6000/ 8544 ( 70%)]  Loss: 0.3035  Acc: 1685.0/ 2000
[ 8000/ 8544 ( 94%)]  Loss: 0.4186  Acc: 1657.0/ 2000

Average test loss: 4.1294  Accuracy:  855/ 2210 (38.69%)

Epoch: 48
[ 2000/ 8544 ( 23%)]  Loss: 0.5453  Acc: 1677.0/ 2000
[ 4000/ 8544 ( 47%)]  Loss: 0.4227  Acc: 1644.0/ 2000
[ 6000/ 8544 ( 70%)]  Loss: 0.5434  Acc: 1649.0/ 2000
[ 8000/ 8544 ( 94%)]  Loss: 0.4691  Acc: 1691.0/ 2000

Average test loss: 3.9702  Accuracy:  810/ 2210 (36.65%)

Epoch: 49
[ 2000/ 8544 ( 23%)]  Loss: 0.4040  Acc: 1657.0/ 2000
[ 4000/ 8544 ( 47%)]  Loss: 0.4584  Acc: 1661.0/ 2000
[ 6000/ 8544 ( 70%)]  Loss: 0.4939  Acc: 1688.0/ 2000
[ 8000/ 8544 ( 94%)]  Loss: 0.6544  Acc: 1657.0/ 2000

Average test loss: 4.1086  Accuracy:  855/ 2210 (38.69%)

Epoch: 50
[ 2000/ 8544 ( 23%)]  Loss: 1.1008  Acc: 1624.0/ 2000
[ 4000/ 8544 ( 47%)]  Loss: 0.5832  Acc: 1438.0/ 2000
[ 6000/ 8544 ( 70%)]  Loss: 0.7000  Acc: 1528.0/ 2000
[ 8000/ 8544 ( 94%)]  Loss: 0.6928  Acc: 1448.0/ 2000

Average test loss: 3.0443  Accuracy:  810/ 2210 (36.65%)

Execution time: 1551.49 seconds
